<?xml version="1.0" encoding="UTF-8"?>
<testsuite xmlns:xsi="http://www.w3.org/2001/XMLSchema-instance" xsi:noNamespaceSchemaLocation="https://maven.apache.org/surefire/maven-surefire-plugin/xsd/surefire-test-report-3.0.xsd" version="3.0" name="TestSuite" time="111.948" tests="2" errors="0" skipped="0" failures="0">
  <properties>
    <property name="sun.desktop" value="windows"/>
    <property name="awt.toolkit" value="sun.awt.windows.WToolkit"/>
    <property name="file.encoding.pkg" value="sun.io"/>
    <property name="java.specification.version" value="1.8"/>
    <property name="sun.cpu.isalist" value="amd64"/>
    <property name="sun.jnu.encoding" value="Cp1252"/>
    <property name="java.class.path" value="D:\Eclipse workspace\Capgemini Projects\Appium_Testing\target\test-classes;D:\Eclipse workspace\Capgemini Projects\Appium_Testing\target\classes;C:\Users\TAPAS\.m2\repository\junit\junit\3.8.1\junit-3.8.1.jar;C:\Users\TAPAS\.m2\repository\io\appium\java-client\7.4.1\java-client-7.4.1.jar;C:\Users\TAPAS\.m2\repository\org\seleniumhq\selenium\selenium-support\3.141.59\selenium-support-3.141.59.jar;C:\Users\TAPAS\.m2\repository\org\seleniumhq\selenium\selenium-api\3.141.59\selenium-api-3.141.59.jar;C:\Users\TAPAS\.m2\repository\com\google\code\gson\gson\2.8.6\gson-2.8.6.jar;C:\Users\TAPAS\.m2\repository\org\apache\httpcomponents\httpclient\4.5.13\httpclient-4.5.13.jar;C:\Users\TAPAS\.m2\repository\org\apache\httpcomponents\httpcore\4.4.13\httpcore-4.4.13.jar;C:\Users\TAPAS\.m2\repository\commons-codec\commons-codec\1.11\commons-codec-1.11.jar;C:\Users\TAPAS\.m2\repository\cglib\cglib\3.3.0\cglib-3.3.0.jar;C:\Users\TAPAS\.m2\repository\org\ow2\asm\asm\7.1\asm-7.1.jar;C:\Users\TAPAS\.m2\repository\org\springframework\spring-context\5.3.1\spring-context-5.3.1.jar;C:\Users\TAPAS\.m2\repository\org\springframework\spring-aop\5.3.1\spring-aop-5.3.1.jar;C:\Users\TAPAS\.m2\repository\org\springframework\spring-beans\5.3.1\spring-beans-5.3.1.jar;C:\Users\TAPAS\.m2\repository\org\springframework\spring-core\5.3.1\spring-core-5.3.1.jar;C:\Users\TAPAS\.m2\repository\org\springframework\spring-jcl\5.3.1\spring-jcl-5.3.1.jar;C:\Users\TAPAS\.m2\repository\org\springframework\spring-expression\5.3.1\spring-expression-5.3.1.jar;C:\Users\TAPAS\.m2\repository\org\aspectj\aspectjweaver\1.9.6\aspectjweaver-1.9.6.jar;C:\Users\TAPAS\.m2\repository\org\seleniumhq\selenium\selenium-java\3.141.59\selenium-java-3.141.59.jar;C:\Users\TAPAS\.m2\repository\org\seleniumhq\selenium\selenium-chrome-driver\3.141.59\selenium-chrome-driver-3.141.59.jar;C:\Users\TAPAS\.m2\repository\org\seleniumhq\selenium\selenium-edge-driver\3.141.59\selenium-edge-driver-3.141.59.jar;C:\Users\TAPAS\.m2\repository\org\seleniumhq\selenium\selenium-firefox-driver\3.141.59\selenium-firefox-driver-3.141.59.jar;C:\Users\TAPAS\.m2\repository\org\seleniumhq\selenium\selenium-ie-driver\3.141.59\selenium-ie-driver-3.141.59.jar;C:\Users\TAPAS\.m2\repository\org\seleniumhq\selenium\selenium-opera-driver\3.141.59\selenium-opera-driver-3.141.59.jar;C:\Users\TAPAS\.m2\repository\org\seleniumhq\selenium\selenium-remote-driver\3.141.59\selenium-remote-driver-3.141.59.jar;C:\Users\TAPAS\.m2\repository\org\seleniumhq\selenium\selenium-safari-driver\3.141.59\selenium-safari-driver-3.141.59.jar;C:\Users\TAPAS\.m2\repository\net\bytebuddy\byte-buddy\1.8.15\byte-buddy-1.8.15.jar;C:\Users\TAPAS\.m2\repository\org\apache\commons\commons-exec\1.3\commons-exec-1.3.jar;C:\Users\TAPAS\.m2\repository\com\google\guava\guava\25.0-jre\guava-25.0-jre.jar;C:\Users\TAPAS\.m2\repository\com\google\code\findbugs\jsr305\1.3.9\jsr305-1.3.9.jar;C:\Users\TAPAS\.m2\repository\org\checkerframework\checker-compat-qual\2.0.0\checker-compat-qual-2.0.0.jar;C:\Users\TAPAS\.m2\repository\com\google\errorprone\error_prone_annotations\2.1.3\error_prone_annotations-2.1.3.jar;C:\Users\TAPAS\.m2\repository\com\google\j2objc\j2objc-annotations\1.1\j2objc-annotations-1.1.jar;C:\Users\TAPAS\.m2\repository\org\codehaus\mojo\animal-sniffer-annotations\1.14\animal-sniffer-annotations-1.14.jar;C:\Users\TAPAS\.m2\repository\com\squareup\okhttp3\okhttp\3.11.0\okhttp-3.11.0.jar;C:\Users\TAPAS\.m2\repository\com\squareup\okio\okio\1.14.0\okio-1.14.0.jar;C:\Users\TAPAS\.m2\repository\org\testng\testng\6.14.3\testng-6.14.3.jar;C:\Users\TAPAS\.m2\repository\com\beust\jcommander\1.72\jcommander-1.72.jar;C:\Users\TAPAS\.m2\repository\org\apache-extras\beanshell\bsh\2.0b6\bsh-2.0b6.jar;C:\Users\TAPAS\.m2\repository\io\github\bonigarcia\webdrivermanager\4.3.1\webdrivermanager-4.3.1.jar;C:\Users\TAPAS\.m2\repository\org\apache\httpcomponents\client5\httpclient5\5.0.3\httpclient5-5.0.3.jar;C:\Users\TAPAS\.m2\repository\org\apache\httpcomponents\core5\httpcore5\5.0.2\httpcore5-5.0.2.jar;C:\Users\TAPAS\.m2\repository\org\apache\httpcomponents\core5\httpcore5-h2\5.0.2\httpcore5-h2-5.0.2.jar;C:\Users\TAPAS\.m2\repository\org\rauschig\jarchivelib\1.1.0\jarchivelib-1.1.0.jar;C:\Users\TAPAS\.m2\repository\org\apache\commons\commons-compress\1.20\commons-compress-1.20.jar;C:\Users\TAPAS\.m2\repository\org\jsoup\jsoup\1.13.1\jsoup-1.13.1.jar;C:\Users\TAPAS\.m2\repository\org\slf4j\slf4j-simple\1.7.30\slf4j-simple-1.7.30.jar;C:\Users\TAPAS\.m2\repository\org\slf4j\slf4j-api\1.7.30\slf4j-api-1.7.30.jar;C:\Users\TAPAS\.m2\repository\org\apache\commons\commons-lang3\3.12.0\commons-lang3-3.12.0.jar;C:\Users\TAPAS\.m2\repository\commons-io\commons-io\2.8.0\commons-io-2.8.0.jar;C:\Users\TAPAS\.m2\repository\commons-validator\commons-validator\1.7\commons-validator-1.7.jar;C:\Users\TAPAS\.m2\repository\commons-beanutils\commons-beanutils\1.9.4\commons-beanutils-1.9.4.jar;C:\Users\TAPAS\.m2\repository\commons-digester\commons-digester\2.1\commons-digester-2.1.jar;C:\Users\TAPAS\.m2\repository\commons-logging\commons-logging\1.2\commons-logging-1.2.jar;C:\Users\TAPAS\.m2\repository\commons-collections\commons-collections\3.2.2\commons-collections-3.2.2.jar;C:\Users\TAPAS\.m2\repository\com\aventstack\extentreports\5.0.7\extentreports-5.0.7.jar;C:\Users\TAPAS\.m2\repository\io\reactivex\rxjava3\rxjava\3.0.4\rxjava-3.0.4.jar;C:\Users\TAPAS\.m2\repository\org\reactivestreams\reactive-streams\1.0.3\reactive-streams-1.0.3.jar;C:\Users\TAPAS\.m2\repository\org\freemarker\freemarker\2.3.30\freemarker-2.3.30.jar;C:\Users\TAPAS\.m2\repository\org\projectlombok\lombok\1.18.12\lombok-1.18.12.jar;"/>
    <property name="java.vm.vendor" value="Oracle Corporation"/>
    <property name="sun.arch.data.model" value="64"/>
    <property name="user.variant" value=""/>
    <property name="java.vendor.url" value="http://java.oracle.com/"/>
    <property name="user.timezone" value="Asia/Calcutta"/>
    <property name="java.vm.specification.version" value="1.8"/>
    <property name="os.name" value="Windows 10"/>
    <property name="user.country" value="IN"/>
    <property name="sun.java.launcher" value="SUN_STANDARD"/>
    <property name="sun.boot.library.path" value="C:\Program Files\Java\jdk1.8.0_281\jre\bin"/>
    <property name="sun.java.command" value="C:\Users\TAPAS\AppData\Local\Temp\surefire1206844958557171490\surefirebooter6871422846841648321.jar C:\Users\TAPAS\AppData\Local\Temp\surefire1206844958557171490 2021-04-03T12-22-03_540-jvmRun1 surefire5942903558324301502tmp surefire_03811399158391608624tmp"/>
    <property name="surefire.test.class.path" value="D:\Eclipse workspace\Capgemini Projects\Appium_Testing\target\test-classes;D:\Eclipse workspace\Capgemini Projects\Appium_Testing\target\classes;C:\Users\TAPAS\.m2\repository\junit\junit\3.8.1\junit-3.8.1.jar;C:\Users\TAPAS\.m2\repository\io\appium\java-client\7.4.1\java-client-7.4.1.jar;C:\Users\TAPAS\.m2\repository\org\seleniumhq\selenium\selenium-support\3.141.59\selenium-support-3.141.59.jar;C:\Users\TAPAS\.m2\repository\org\seleniumhq\selenium\selenium-api\3.141.59\selenium-api-3.141.59.jar;C:\Users\TAPAS\.m2\repository\com\google\code\gson\gson\2.8.6\gson-2.8.6.jar;C:\Users\TAPAS\.m2\repository\org\apache\httpcomponents\httpclient\4.5.13\httpclient-4.5.13.jar;C:\Users\TAPAS\.m2\repository\org\apache\httpcomponents\httpcore\4.4.13\httpcore-4.4.13.jar;C:\Users\TAPAS\.m2\repository\commons-codec\commons-codec\1.11\commons-codec-1.11.jar;C:\Users\TAPAS\.m2\repository\cglib\cglib\3.3.0\cglib-3.3.0.jar;C:\Users\TAPAS\.m2\repository\org\ow2\asm\asm\7.1\asm-7.1.jar;C:\Users\TAPAS\.m2\repository\org\springframework\spring-context\5.3.1\spring-context-5.3.1.jar;C:\Users\TAPAS\.m2\repository\org\springframework\spring-aop\5.3.1\spring-aop-5.3.1.jar;C:\Users\TAPAS\.m2\repository\org\springframework\spring-beans\5.3.1\spring-beans-5.3.1.jar;C:\Users\TAPAS\.m2\repository\org\springframework\spring-core\5.3.1\spring-core-5.3.1.jar;C:\Users\TAPAS\.m2\repository\org\springframework\spring-jcl\5.3.1\spring-jcl-5.3.1.jar;C:\Users\TAPAS\.m2\repository\org\springframework\spring-expression\5.3.1\spring-expression-5.3.1.jar;C:\Users\TAPAS\.m2\repository\org\aspectj\aspectjweaver\1.9.6\aspectjweaver-1.9.6.jar;C:\Users\TAPAS\.m2\repository\org\seleniumhq\selenium\selenium-java\3.141.59\selenium-java-3.141.59.jar;C:\Users\TAPAS\.m2\repository\org\seleniumhq\selenium\selenium-chrome-driver\3.141.59\selenium-chrome-driver-3.141.59.jar;C:\Users\TAPAS\.m2\repository\org\seleniumhq\selenium\selenium-edge-driver\3.141.59\selenium-edge-driver-3.141.59.jar;C:\Users\TAPAS\.m2\repository\org\seleniumhq\selenium\selenium-firefox-driver\3.141.59\selenium-firefox-driver-3.141.59.jar;C:\Users\TAPAS\.m2\repository\org\seleniumhq\selenium\selenium-ie-driver\3.141.59\selenium-ie-driver-3.141.59.jar;C:\Users\TAPAS\.m2\repository\org\seleniumhq\selenium\selenium-opera-driver\3.141.59\selenium-opera-driver-3.141.59.jar;C:\Users\TAPAS\.m2\repository\org\seleniumhq\selenium\selenium-remote-driver\3.141.59\selenium-remote-driver-3.141.59.jar;C:\Users\TAPAS\.m2\repository\org\seleniumhq\selenium\selenium-safari-driver\3.141.59\selenium-safari-driver-3.141.59.jar;C:\Users\TAPAS\.m2\repository\net\bytebuddy\byte-buddy\1.8.15\byte-buddy-1.8.15.jar;C:\Users\TAPAS\.m2\repository\org\apache\commons\commons-exec\1.3\commons-exec-1.3.jar;C:\Users\TAPAS\.m2\repository\com\google\guava\guava\25.0-jre\guava-25.0-jre.jar;C:\Users\TAPAS\.m2\repository\com\google\code\findbugs\jsr305\1.3.9\jsr305-1.3.9.jar;C:\Users\TAPAS\.m2\repository\org\checkerframework\checker-compat-qual\2.0.0\checker-compat-qual-2.0.0.jar;C:\Users\TAPAS\.m2\repository\com\google\errorprone\error_prone_annotations\2.1.3\error_prone_annotations-2.1.3.jar;C:\Users\TAPAS\.m2\repository\com\google\j2objc\j2objc-annotations\1.1\j2objc-annotations-1.1.jar;C:\Users\TAPAS\.m2\repository\org\codehaus\mojo\animal-sniffer-annotations\1.14\animal-sniffer-annotations-1.14.jar;C:\Users\TAPAS\.m2\repository\com\squareup\okhttp3\okhttp\3.11.0\okhttp-3.11.0.jar;C:\Users\TAPAS\.m2\repository\com\squareup\okio\okio\1.14.0\okio-1.14.0.jar;C:\Users\TAPAS\.m2\repository\org\testng\testng\6.14.3\testng-6.14.3.jar;C:\Users\TAPAS\.m2\repository\com\beust\jcommander\1.72\jcommander-1.72.jar;C:\Users\TAPAS\.m2\repository\org\apache-extras\beanshell\bsh\2.0b6\bsh-2.0b6.jar;C:\Users\TAPAS\.m2\repository\io\github\bonigarcia\webdrivermanager\4.3.1\webdrivermanager-4.3.1.jar;C:\Users\TAPAS\.m2\repository\org\apache\httpcomponents\client5\httpclient5\5.0.3\httpclient5-5.0.3.jar;C:\Users\TAPAS\.m2\repository\org\apache\httpcomponents\core5\httpcore5\5.0.2\httpcore5-5.0.2.jar;C:\Users\TAPAS\.m2\repository\org\apache\httpcomponents\core5\httpcore5-h2\5.0.2\httpcore5-h2-5.0.2.jar;C:\Users\TAPAS\.m2\repository\org\rauschig\jarchivelib\1.1.0\jarchivelib-1.1.0.jar;C:\Users\TAPAS\.m2\repository\org\apache\commons\commons-compress\1.20\commons-compress-1.20.jar;C:\Users\TAPAS\.m2\repository\org\jsoup\jsoup\1.13.1\jsoup-1.13.1.jar;C:\Users\TAPAS\.m2\repository\org\slf4j\slf4j-simple\1.7.30\slf4j-simple-1.7.30.jar;C:\Users\TAPAS\.m2\repository\org\slf4j\slf4j-api\1.7.30\slf4j-api-1.7.30.jar;C:\Users\TAPAS\.m2\repository\org\apache\commons\commons-lang3\3.12.0\commons-lang3-3.12.0.jar;C:\Users\TAPAS\.m2\repository\commons-io\commons-io\2.8.0\commons-io-2.8.0.jar;C:\Users\TAPAS\.m2\repository\commons-validator\commons-validator\1.7\commons-validator-1.7.jar;C:\Users\TAPAS\.m2\repository\commons-beanutils\commons-beanutils\1.9.4\commons-beanutils-1.9.4.jar;C:\Users\TAPAS\.m2\repository\commons-digester\commons-digester\2.1\commons-digester-2.1.jar;C:\Users\TAPAS\.m2\repository\commons-logging\commons-logging\1.2\commons-logging-1.2.jar;C:\Users\TAPAS\.m2\repository\commons-collections\commons-collections\3.2.2\commons-collections-3.2.2.jar;C:\Users\TAPAS\.m2\repository\com\aventstack\extentreports\5.0.7\extentreports-5.0.7.jar;C:\Users\TAPAS\.m2\repository\io\reactivex\rxjava3\rxjava\3.0.4\rxjava-3.0.4.jar;C:\Users\TAPAS\.m2\repository\org\reactivestreams\reactive-streams\1.0.3\reactive-streams-1.0.3.jar;C:\Users\TAPAS\.m2\repository\org\freemarker\freemarker\2.3.30\freemarker-2.3.30.jar;C:\Users\TAPAS\.m2\repository\org\projectlombok\lombok\1.18.12\lombok-1.18.12.jar;"/>
    <property name="sun.cpu.endian" value="little"/>
    <property name="user.home" value="C:\Users\TAPAS"/>
    <property name="user.language" value="en"/>
    <property name="java.specification.vendor" value="Oracle Corporation"/>
    <property name="java.home" value="C:\Program Files\Java\jdk1.8.0_281\jre"/>
    <property name="basedir" value="D:\Eclipse workspace\Capgemini Projects\Appium_Testing"/>
    <property name="file.separator" value="\"/>
    <property name="line.separator" value="&#10;"/>
    <property name="java.vm.specification.vendor" value="Oracle Corporation"/>
    <property name="java.specification.name" value="Java Platform API Specification"/>
    <property name="java.awt.graphicsenv" value="sun.awt.Win32GraphicsEnvironment"/>
    <property name="surefire.real.class.path" value="C:\Users\TAPAS\AppData\Local\Temp\surefire1206844958557171490\surefirebooter6871422846841648321.jar"/>
    <property name="sun.boot.class.path" value="C:\Program Files\Java\jdk1.8.0_281\jre\lib\resources.jar;C:\Program Files\Java\jdk1.8.0_281\jre\lib\rt.jar;C:\Program Files\Java\jdk1.8.0_281\jre\lib\sunrsasign.jar;C:\Program Files\Java\jdk1.8.0_281\jre\lib\jsse.jar;C:\Program Files\Java\jdk1.8.0_281\jre\lib\jce.jar;C:\Program Files\Java\jdk1.8.0_281\jre\lib\charsets.jar;C:\Program Files\Java\jdk1.8.0_281\jre\lib\jfr.jar;C:\Program Files\Java\jdk1.8.0_281\jre\classes"/>
    <property name="user.script" value=""/>
    <property name="sun.management.compiler" value="HotSpot 64-Bit Tiered Compilers"/>
    <property name="java.runtime.version" value="1.8.0_281-b09"/>
    <property name="user.name" value="TAPAS"/>
    <property name="path.separator" value=";"/>
    <property name="os.version" value="10.0"/>
    <property name="java.endorsed.dirs" value="C:\Program Files\Java\jdk1.8.0_281\jre\lib\endorsed"/>
    <property name="java.runtime.name" value="Java(TM) SE Runtime Environment"/>
    <property name="file.encoding" value="Cp1252"/>
    <property name="java.vm.name" value="Java HotSpot(TM) 64-Bit Server VM"/>
    <property name="localRepository" value="C:\Users\TAPAS\.m2\repository"/>
    <property name="java.vendor.url.bug" value="http://bugreport.sun.com/bugreport/"/>
    <property name="java.io.tmpdir" value="C:\Users\TAPAS\AppData\Local\Temp\"/>
    <property name="java.version" value="1.8.0_281"/>
    <property name="user.dir" value="D:\Eclipse workspace\Capgemini Projects\Appium_Testing"/>
    <property name="os.arch" value="amd64"/>
    <property name="java.vm.specification.name" value="Java Virtual Machine Specification"/>
    <property name="java.awt.printerjob" value="sun.awt.windows.WPrinterJob"/>
    <property name="sun.os.patch.level" value=""/>
    <property name="java.library.path" value="C:\Program Files\Java\jdk1.8.0_281\jre\bin;C:\WINDOWS\Sun\Java\bin;C:\WINDOWS\system32;C:\WINDOWS;D:\maven\apache-maven-3.6.3/bin;C:\Program Files\Java\jdk1.8.0_281/bin;C:\Program Files\Java\jdk1.8.0_281/bin;C:\Program Files (x86)\Common Files\Oracle\Java\javapath;C:\ProgramData\Oracle\Java\javapath;C:\Program Files (x86)\Intel\TXE Components\TCS\;C:\Program Files\Intel\TXE Components\TCS\;C:\WINDOWS\system32;C:\WINDOWS;C:\WINDOWS\System32\Wbem;C:\WINDOWS\System32\WindowsPowerShell\v1.0\;C:\Program Files\Intel\TXE Components\DAL\;C:\Program Files (x86)\Intel\TXE Components\DAL\;C:\Program Files\Intel\TXE Components\IPT\;C:\Program Files (x86)\Intel\TXE Components\IPT\;C:\Program Files\Intel\WiFi\bin\;C:\Program Files\Common Files\Intel\WirelessCommon\;C:\WINDOWS\System32\OpenSSH\;C:\Program Files\Java\jdk1.8.0_281\bin;C:\Program Files\Java\jre1.8.0_281\bin;D:\maven\apache-maven-3.6.3\bin;C:\Program Files\nodejs\;C:\Program Files\nodejs;C:\Users\TAPAS\AppData\Local\Programs\Python\Python38-32;C:\Users\TAPAS\AppData\Local\Programs\Python\Python38-32\Scripts;C:\Users\TAPAS\AppData\Local\Android\Sdk\tools\bin;C:\Users\TAPAS\AppData\Local\Android\Sdk\tools;C:\Users\TAPAS\AppData\Local\Android\Sdk\platform-tools;C:\Program Files\nodejs\node_modules\npm\bin;C:\Users\TAPAS\AppData\Local\Android\Sdk\platforms;C:\Users\TAPAS\AppData\Local\Microsoft\WindowsApps;C:\Users\TAPAS\AppData\Roaming\npm;;."/>
    <property name="java.vm.info" value="mixed mode"/>
    <property name="java.vendor" value="Oracle Corporation"/>
    <property name="java.vm.version" value="25.281-b09"/>
    <property name="java.ext.dirs" value="C:\Program Files\Java\jdk1.8.0_281\jre\lib\ext;C:\WINDOWS\Sun\Java\lib\ext"/>
    <property name="sun.io.unicode.encoding" value="UnicodeLittle"/>
    <property name="java.class.version" value="52.0"/>
    <property name="DeviceName" value="GalaxyM51"/>
  </properties>
  <testcase name="Testtwo[hello](1)" classname="com.Appium.Test.TCID_002" time="71.573">
    <system-out><![CDATA[&amp#27;[35m[Appium]&amp#27;[39m Welcome to Appium v1.20.2
&amp#27;[35m[Appium]&amp#27;[39m Appium REST http interface listener started on 0.0.0.0:4723
&amp#27;[35m[HTTP]&amp#27;[39m &amp#27;[37m-->&amp#27;[39m &amp#27;[37mGET&amp#27;[39m &amp#27;[37m/wd/hub/status&amp#27;[39m
&amp#27;[35m[HTTP]&amp#27;[39m &amp#27;[90m{}&amp#27;[39m
[debug] &amp#27;[35m[GENERIC]&amp#27;[39m Calling AppiumDriver.getStatus() with args: []
[debug] &amp#27;[35m[GENERIC]&amp#27;[39m Responding to client with driver.getStatus() result: {"build":{"version":"1.20.2"}}
&amp#27;[35m[HTTP]&amp#27;[39m &amp#27;[37m<-- GET /wd/hub/status &amp#27;[39m&amp#27;[32m200&amp#27;[39m &amp#27;[90m63 ms - 68&amp#27;[39m
&amp#27;[35m[HTTP]&amp#27;[39m &amp#27;[90m&amp#27;[39m
[debug] &amp#27;[35m[HTTP]&amp#27;[39m Request idempotency key: 65f71428-5fa8-4bf1-a1b0-a3f850915e56
&amp#27;[35m[HTTP]&amp#27;[39m &amp#27;[37m-->&amp#27;[39m &amp#27;[37mPOST&amp#27;[39m &amp#27;[37m/wd/hub/session&amp#27;[39m
&amp#27;[35m[HTTP]&amp#27;[39m &amp#27;[90m{"desiredCapabilities":{"app":"D:\\Eclipse workspace\\Capgemini Projects\\Appium_Testing\\src\\ApiDemos-debug.apk","platformName":"Android","deviceName":"Galaxy M51"},"capabilities":{"firstMatch":[{"appium:app":"D:\\Eclipse workspace\\Capgemini Projects\\Appium_Testing\\src\\ApiDemos-debug.apk","appium:deviceName":"Galaxy M51","platformName":"android"}]}}&amp#27;[39m
[debug] &amp#27;[35m[W3C]&amp#27;[39m Calling AppiumDriver.createSession() with args: [{"app":"D:\\Eclipse workspace\\Capgemini Projects\\Appium_Testing\\src\\ApiDemos-debug.apk","platformName":"Android","deviceName":"Galaxy M51"},null,{"firstMatch":[{"appium:app":"D:\\Eclipse workspace\\Capgemini Projects\\Appium_Testing\\src\\ApiDemos-debug.apk","appium:deviceName":"Galaxy M51","platformName":"android"}]}]
[debug] &amp#27;[35m[BaseDriver]&amp#27;[39m Event 'newSessionRequested' logged at 1617432754943 (12:22:34 GMT+0530 (India Standard Time))
&amp#27;[35m[Appium]&amp#27;[39m 
&amp#27;[35m[Appium]&amp#27;[39m ======================================================================
&amp#27;[35m[Appium]&amp#27;[39m   DEPRECATION WARNING:
&amp#27;[35m[Appium]&amp#27;[39m 
&amp#27;[35m[Appium]&amp#27;[39m   The 'automationName' capability was not provided in the desired 
&amp#27;[35m[Appium]&amp#27;[39m   capabilities for this Android session
&amp#27;[35m[Appium]&amp#27;[39m 
&amp#27;[35m[Appium]&amp#27;[39m   Setting 'automationName=UiAutomator2' by default and using the 
&amp#27;[35m[Appium]&amp#27;[39m   UiAutomator2 Driver
&amp#27;[35m[Appium]&amp#27;[39m 
&amp#27;[35m[Appium]&amp#27;[39m   The next major version of Appium (2.x) will **require** the 
&amp#27;[35m[Appium]&amp#27;[39m   'automationName' capability to be set for all sessions on all 
&amp#27;[35m[Appium]&amp#27;[39m   platforms
&amp#27;[35m[Appium]&amp#27;[39m 
&amp#27;[35m[Appium]&amp#27;[39m   In previous versions (Appium <= 1.13.x), the default was 
&amp#27;[35m[Appium]&amp#27;[39m   'automationName=UiAutomator1'
&amp#27;[35m[Appium]&amp#27;[39m 
&amp#27;[35m[Appium]&amp#27;[39m   If you wish to use that automation instead of UiAutomator2, please 
&amp#27;[35m[Appium]&amp#27;[39m   add 'automationName=UiAutomator1' to your desired capabilities
&amp#27;[35m[Appium]&amp#27;[39m 
&amp#27;[35m[Appium]&amp#27;[39m   For more information about drivers, please visit 
&amp#27;[35m[Appium]&amp#27;[39m   http://appium.io/docs/en/about-appium/intro/ and explore the 
&amp#27;[35m[Appium]&amp#27;[39m   'Drivers' menu
&amp#27;[35m[Appium]&amp#27;[39m 
&amp#27;[35m[Appium]&amp#27;[39m ======================================================================
&amp#27;[35m[Appium]&amp#27;[39m 
&amp#27;[35m[Appium]&amp#27;[39m Appium v1.20.2 creating new AndroidUiautomator2Driver (v1.61.2) session
[debug] &amp#27;[35m[BaseDriver]&amp#27;[39m W3C capabilities and MJSONWP desired capabilities were provided
[debug] &amp#27;[35m[BaseDriver]&amp#27;[39m Creating session with W3C capabilities: {
[debug] &amp#27;[35m[BaseDriver]&amp#27;[39m   "alwaysMatch": {
[debug] &amp#27;[35m[BaseDriver]&amp#27;[39m     "platformName": "android",
[debug] &amp#27;[35m[BaseDriver]&amp#27;[39m     "appium:app": "D:\\Eclipse workspace\\Capgemini Projects\\Appium_Testing\\src\\ApiDemos-debug.apk",
[debug] &amp#27;[35m[BaseDriver]&amp#27;[39m     "appium:deviceName": "Galaxy M51"
[debug] &amp#27;[35m[BaseDriver]&amp#27;[39m   },
[debug] &amp#27;[35m[BaseDriver]&amp#27;[39m   "firstMatch": [
[debug] &amp#27;[35m[BaseDriver]&amp#27;[39m     {}
[debug] &amp#27;[35m[BaseDriver]&amp#27;[39m   ]
[debug] &amp#27;[35m[BaseDriver]&amp#27;[39m }
&amp#27;[35m[BaseDriver]&amp#27;[39m Session created with session id: 76d6d3d0-2b00-46b6-98d4-a842aedec80e
&amp#27;[35m[BaseDriver]&amp#27;[39m Using local app 'D:\Eclipse workspace\Capgemini Projects\Appium_Testing\src\ApiDemos-debug.apk'
[debug] &amp#27;[35m[UiAutomator2]&amp#27;[39m Checking whether app is actually present
&amp#27;[35m[ADB]&amp#27;[39m Found 1 'build-tools' folders under 'C:\Users\TAPAS\AppData\Local\Android\Sdk' (newest first):
&amp#27;[35m[ADB]&amp#27;[39m     C:/Users/TAPAS/AppData/Local/Android/Sdk/build-tools/30.0.3
&amp#27;[35m[ADB]&amp#27;[39m Using 'adb.exe' from 'C:\Users\TAPAS\AppData\Local\Android\Sdk\platform-tools\adb.exe'
[debug] &amp#27;[35m[ADB]&amp#27;[39m Running 'C:\Users\TAPAS\AppData\Local\Android\Sdk\platform-tools\adb.exe -P 5037 start-server'
&amp#27;[35m[AndroidDriver]&amp#27;[39m Retrieving device list
[debug] &amp#27;[35m[ADB]&amp#27;[39m Trying to find a connected android device
[debug] &amp#27;[35m[ADB]&amp#27;[39m Getting connected devices
[debug] &amp#27;[35m[ADB]&amp#27;[39m Connected devices: [{"udid":"RZ8N92THVRW","state":"device"}]
&amp#27;[35m[AndroidDriver]&amp#27;[39m Using device: RZ8N92THVRW
&amp#27;[35m[ADB]&amp#27;[39m Using 'adb.exe' from 'C:\Users\TAPAS\AppData\Local\Android\Sdk\platform-tools\adb.exe'
[debug] &amp#27;[35m[ADB]&amp#27;[39m Running 'C:\Users\TAPAS\AppData\Local\Android\Sdk\platform-tools\adb.exe -P 5037 start-server'
[debug] &amp#27;[35m[ADB]&amp#27;[39m Setting device id to RZ8N92THVRW
[debug] &amp#27;[35m[ADB]&amp#27;[39m Running 'C:\Users\TAPAS\AppData\Local\Android\Sdk\platform-tools\adb.exe -P 5037 -s RZ8N92THVRW shell getprop ro.build.version.sdk'
[debug] &amp#27;[35m[ADB]&amp#27;[39m Current device property 'ro.build.version.sdk': 30
&amp#27;[35m[ADB]&amp#27;[39m Getting device platform version
[debug] &amp#27;[35m[ADB]&amp#27;[39m Running 'C:\Users\TAPAS\AppData\Local\Android\Sdk\platform-tools\adb.exe -P 5037 -s RZ8N92THVRW shell getprop ro.build.version.release'
[debug] &amp#27;[35m[ADB]&amp#27;[39m Current device property 'ro.build.version.release': 11
[debug] &amp#27;[35m[ADB]&amp#27;[39m Device API level: 30
&amp#27;[35m[UiAutomator2]&amp#27;[39m Relaxing hidden api policy
[debug] &amp#27;[35m[ADB]&amp#27;[39m Running 'C:\Users\TAPAS\AppData\Local\Android\Sdk\platform-tools\adb.exe -P 5037 -s RZ8N92THVRW shell 'settings put global hidden_api_policy_pre_p_apps 1;settings put global hidden_api_policy_p_apps 1;settings put global hidden_api_policy 1''
[debug] &amp#27;[35m[AndroidDriver]&amp#27;[39m Parsing package and activity from app manifest
&amp#27;[35m[ADB]&amp#27;[39m Package name: 'io.appium.android.apis'
&amp#27;[35m[ADB]&amp#27;[39m Main activity name: 'io.appium.android.apis.ApiDemos'
[debug] &amp#27;[35m[AndroidDriver]&amp#27;[39m Parsed package and activity are: io.appium.android.apis/io.appium.android.apis.ApiDemos
[debug] &amp#27;[35m[ADB]&amp#27;[39m Running 'C:\Users\TAPAS\AppData\Local\Android\Sdk\platform-tools\adb.exe -P 5037 -s RZ8N92THVRW wait-for-device'
[debug] &amp#27;[35m[ADB]&amp#27;[39m Running 'C:\Users\TAPAS\AppData\Local\Android\Sdk\platform-tools\adb.exe -P 5037 -s RZ8N92THVRW shell echo ping'
[debug] &amp#27;[35m[AndroidDriver]&amp#27;[39m Pushing settings apk to device...
[debug] &amp#27;[35m[ADB]&amp#27;[39m Getting install status for io.appium.settings
[debug] &amp#27;[35m[ADB]&amp#27;[39m Running 'C:\Users\TAPAS\AppData\Local\Android\Sdk\platform-tools\adb.exe -P 5037 -s RZ8N92THVRW shell dumpsys package io.appium.settings'
[debug] &amp#27;[35m[ADB]&amp#27;[39m 'io.appium.settings' is installed
[debug] &amp#27;[35m[ADB]&amp#27;[39m Getting package info for 'io.appium.settings'
[debug] &amp#27;[35m[ADB]&amp#27;[39m Running 'C:\Users\TAPAS\AppData\Local\Android\Sdk\platform-tools\adb.exe -P 5037 -s RZ8N92THVRW shell dumpsys package io.appium.settings'
[debug] &amp#27;[35m[ADB]&amp#27;[39m The version name of the installed 'io.appium.settings' is greater or equal to the application version name ('3.2.1' >= '3.2.1')
[debug] &amp#27;[35m[ADB]&amp#27;[39m There is no need to install/upgrade 'C:\Users\TAPAS\AppData\Roaming\npm\node_modules\appium\node_modules\io.appium.settings\apks\settings_apk-debug.apk'
[debug] &amp#27;[35m[ADB]&amp#27;[39m Getting IDs of all 'io.appium.settings' processes
[debug] &amp#27;[35m[ADB]&amp#27;[39m Running 'C:\Users\TAPAS\AppData\Local\Android\Sdk\platform-tools\adb.exe -P 5037 -s RZ8N92THVRW shell 'pgrep --help; echo $?''
[debug] &amp#27;[35m[ADB]&amp#27;[39m Running 'C:\Users\TAPAS\AppData\Local\Android\Sdk\platform-tools\adb.exe -P 5037 -s RZ8N92THVRW shell pgrep -f \(\[\[:blank:\]\]\|\^\)io\.appium\.settings\(\[\[:blank:\]\]\|\$\)'
[debug] &amp#27;[35m[AndroidDriver]&amp#27;[39m io.appium.settings is already running. There is no need to reset its permissions.
[debug] &amp#27;[35m[ADB]&amp#27;[39m Running 'C:\Users\TAPAS\AppData\Local\Android\Sdk\platform-tools\adb.exe -P 5037 -s RZ8N92THVRW shell appops set io.appium.settings android:mock_location allow'
[debug] &amp#27;[35m[Logcat]&amp#27;[39m Starting logs capture with command: C:\\Users\\TAPAS\\AppData\\Local\\Android\\Sdk\\platform-tools\\adb.exe -P 5037 -s RZ8N92THVRW logcat -v threadtime
[debug] &amp#27;[35m[UiAutomator2]&amp#27;[39m Forwarding UiAutomator2 Server port 6790 to local port 8200
[debug] &amp#27;[35m[ADB]&amp#27;[39m Forwarding system: 8200 to device: 6790
[debug] &amp#27;[35m[ADB]&amp#27;[39m Running 'C:\Users\TAPAS\AppData\Local\Android\Sdk\platform-tools\adb.exe -P 5037 -s RZ8N92THVRW forward tcp:8200 tcp:6790'
[debug] &amp#27;[35m[ADB]&amp#27;[39m Getting install status for io.appium.uiautomator2.server
[debug] &amp#27;[35m[ADB]&amp#27;[39m Running 'C:\Users\TAPAS\AppData\Local\Android\Sdk\platform-tools\adb.exe -P 5037 -s RZ8N92THVRW shell dumpsys package io.appium.uiautomator2.server'
[debug] &amp#27;[35m[ADB]&amp#27;[39m 'io.appium.uiautomator2.server' is installed
[debug] &amp#27;[35m[ADB]&amp#27;[39m Getting package info for 'io.appium.uiautomator2.server'
[debug] &amp#27;[35m[ADB]&amp#27;[39m Running 'C:\Users\TAPAS\AppData\Local\Android\Sdk\platform-tools\adb.exe -P 5037 -s RZ8N92THVRW shell dumpsys package io.appium.uiautomator2.server'
[debug] &amp#27;[35m[ADB]&amp#27;[39m The version name of the installed 'io.appium.uiautomator2.server' is greater or equal to the application version name ('4.17.4' >= '4.17.4')
[debug] &amp#27;[35m[UiAutomator2]&amp#27;[39m io.appium.uiautomator2.server installation state: sameVersionInstalled
[debug] &amp#27;[35m[ADB]&amp#27;[39m Checking app cert for C:\Users\TAPAS\AppData\Roaming\npm\node_modules\appium\node_modules\appium-uiautomator2-server\apks\appium-uiautomator2-server-v4.17.4.apk
&amp#27;[35m[ADB]&amp#27;[39m Using 'apksigner.jar' from 'C:\Users\TAPAS\AppData\Local\Android\Sdk\build-tools\30.0.3\lib\apksigner.jar'
[debug] &amp#27;[35m[ADB]&amp#27;[39m Starting apksigner: 'C:\\Program Files\\Java\\jdk1.8.0_281\\bin\\java.exe' -Xmx1024M -Xss1m -jar C:\\Users\\TAPAS\\AppData\\Local\\Android\\Sdk\\build-tools\\30.0.3\\lib\\apksigner.jar verify --print-certs C:\\Users\\TAPAS\\AppData\\Roaming\\npm\\node_modules\\appium\\node_modules\\appium-uiautomator2-server\\apks\\appium-uiautomator2-server-v4.17.4.apk
[debug] &amp#27;[35m[ADB]&amp#27;[39m apksigner stdout: Signer #1 certificate DN: EMAILADDRESS=android@android.com, CN=Android, OU=Android, O=Android, L=Mountain View, ST=California, C=US
[debug] &amp#27;[35m[ADB]&amp#27;[39m Signer #1 certificate SHA-256 digest: a40da80a59d170caa950cf15c18c454d47a39b26989d8b640ecd745ba71bf5dc
[debug] &amp#27;[35m[ADB]&amp#27;[39m Signer #1 certificate SHA-1 digest: 61ed377e85d386a8dfee6b864bd85b0bfaa5af81
[debug] &amp#27;[35m[ADB]&amp#27;[39m Signer #1 certificate MD5 digest: e89b158e4bcf988ebd09eb83f5378e87
[debug] &amp#27;[35m[ADB]&amp#27;[39m 
[debug] &amp#27;[35m[ADB]&amp#27;[39m sha256 hash did match for 'appium-uiautomator2-server-v4.17.4.apk'
&amp#27;[35m[ADB]&amp#27;[39m 'C:\Users\TAPAS\AppData\Roaming\npm\node_modules\appium\node_modules\appium-uiautomator2-server\apks\appium-uiautomator2-server-v4.17.4.apk' is signed with the default certificate
[debug] &amp#27;[35m[ADB]&amp#27;[39m Getting install status for io.appium.uiautomator2.server.test
[debug] &amp#27;[35m[ADB]&amp#27;[39m Running 'C:\Users\TAPAS\AppData\Local\Android\Sdk\platform-tools\adb.exe -P 5037 -s RZ8N92THVRW shell dumpsys package io.appium.uiautomator2.server.test'
[debug] &amp#27;[35m[ADB]&amp#27;[39m 'io.appium.uiautomator2.server.test' is installed
[debug] &amp#27;[35m[ADB]&amp#27;[39m Checking app cert for C:\Users\TAPAS\AppData\Roaming\npm\node_modules\appium\node_modules\appium-uiautomator2-server\apks\appium-uiautomator2-server-debug-androidTest.apk
[debug] &amp#27;[35m[ADB]&amp#27;[39m Starting apksigner: 'C:\\Program Files\\Java\\jdk1.8.0_281\\bin\\java.exe' -Xmx1024M -Xss1m -jar C:\\Users\\TAPAS\\AppData\\Local\\Android\\Sdk\\build-tools\\30.0.3\\lib\\apksigner.jar verify --print-certs C:\\Users\\TAPAS\\AppData\\Roaming\\npm\\node_modules\\appium\\node_modules\\appium-uiautomator2-server\\apks\\appium-uiautomator2-server-debug-androidTest.apk
[debug] &amp#27;[35m[ADB]&amp#27;[39m apksigner stdout: Signer #1 certificate DN: EMAILADDRESS=android@android.com, CN=Android, OU=Android, O=Android, L=Mountain View, ST=California, C=US
[debug] &amp#27;[35m[ADB]&amp#27;[39m Signer #1 certificate SHA-256 digest: a40da80a59d170caa950cf15c18c454d47a39b26989d8b640ecd745ba71bf5dc
[debug] &amp#27;[35m[ADB]&amp#27;[39m Signer #1 certificate SHA-1 digest: 61ed377e85d386a8dfee6b864bd85b0bfaa5af81
[debug] &amp#27;[35m[ADB]&amp#27;[39m Signer #1 certificate MD5 digest: e89b158e4bcf988ebd09eb83f5378e87
[debug] &amp#27;[35m[ADB]&amp#27;[39m 
[debug] &amp#27;[35m[ADB]&amp#27;[39m sha256 hash did match for 'appium-uiautomator2-server-debug-androidTest.apk'
&amp#27;[35m[ADB]&amp#27;[39m 'C:\Users\TAPAS\AppData\Roaming\npm\node_modules\appium\node_modules\appium-uiautomator2-server\apks\appium-uiautomator2-server-debug-androidTest.apk' is signed with the default certificate
&amp#27;[35m[UiAutomator2]&amp#27;[39m Server packages are not going to be (re)installed
[debug] &amp#27;[35m[UiAutomator2]&amp#27;[39m Waiting up to 30000ms for services to be available
[debug] &amp#27;[35m[ADB]&amp#27;[39m Running 'C:\Users\TAPAS\AppData\Local\Android\Sdk\platform-tools\adb.exe -P 5037 -s RZ8N92THVRW shell pm list instrumentation'
[debug] &amp#27;[35m[UiAutomator2]&amp#27;[39m Instrumentation target 'io.appium.uiautomator2.server.test/androidx.test.runner.AndroidJUnitRunner' is available
&amp#27;[35m[ADB]&amp#27;[39m Adding packages ["io.appium.settings","io.appium.uiautomator2.server","io.appium.uiautomator2.server.test"] to Doze whitelist
[debug] &amp#27;[35m[ADB]&amp#27;[39m Got the following command chunks to execute: [["dumpsys","deviceidle","whitelist","+io.appium.settings",";","dumpsys","deviceidle","whitelist","+io.appium.uiautomator2.server",";","dumpsys","deviceidle","whitelist","+io.appium.uiautomator2.server.test",";"]]
[debug] &amp#27;[35m[ADB]&amp#27;[39m Running 'C:\Users\TAPAS\AppData\Local\Android\Sdk\platform-tools\adb.exe -P 5037 -s RZ8N92THVRW shell dumpsys deviceidle whitelist +io.appium.settings ; dumpsys deviceidle whitelist +io.appium.uiautomator2.server ; dumpsys deviceidle whitelist +io.appium.uiautomator2.server.test ;'
[debug] &amp#27;[35m[ADB]&amp#27;[39m Checking app cert for D:\Eclipse workspace\Capgemini Projects\Appium_Testing\src\ApiDemos-debug.apk
[debug] &amp#27;[35m[ADB]&amp#27;[39m Starting apksigner: 'C:\\Program Files\\Java\\jdk1.8.0_281\\bin\\java.exe' -Xmx1024M -Xss1m -jar C:\\Users\\TAPAS\\AppData\\Local\\Android\\Sdk\\build-tools\\30.0.3\\lib\\apksigner.jar verify --print-certs 'D:\\Eclipse workspace\\Capgemini Projects\\Appium_Testing\\src\\ApiDemos-debug.apk'
[debug] &amp#27;[35m[ADB]&amp#27;[39m apksigner stdout: Signer #1 certificate DN: EMAILADDRESS=android@android.com, CN=Android, OU=Android, O=Android, L=Mountain View, ST=California, C=US
[debug] &amp#27;[35m[ADB]&amp#27;[39m Signer #1 certificate SHA-256 digest: a40da80a59d170caa950cf15c18c454d47a39b26989d8b640ecd745ba71bf5dc
[debug] &amp#27;[35m[ADB]&amp#27;[39m Signer #1 certificate SHA-1 digest: 61ed377e85d386a8dfee6b864bd85b0bfaa5af81
[debug] &amp#27;[35m[ADB]&amp#27;[39m Signer #1 certificate MD5 digest: e89b158e4bcf988ebd09eb83f5378e87
[debug] &amp#27;[35m[ADB]&amp#27;[39m 
[debug] &amp#27;[35m[ADB]&amp#27;[39m sha256 hash did match for 'ApiDemos-debug.apk'
&amp#27;[35m[ADB]&amp#27;[39m 'D:\Eclipse workspace\Capgemini Projects\Appium_Testing\src\ApiDemos-debug.apk' is signed with the default certificate
[debug] &amp#27;[35m[ADB]&amp#27;[39m Getting install status for io.appium.android.apis
[debug] &amp#27;[35m[ADB]&amp#27;[39m Running 'C:\Users\TAPAS\AppData\Local\Android\Sdk\platform-tools\adb.exe -P 5037 -s RZ8N92THVRW shell dumpsys package io.appium.android.apis'
[debug] &amp#27;[35m[ADB]&amp#27;[39m 'io.appium.android.apis' is installed
[debug] &amp#27;[35m[ADB]&amp#27;[39m Getting package info for 'io.appium.android.apis'
[debug] &amp#27;[35m[ADB]&amp#27;[39m Running 'C:\Users\TAPAS\AppData\Local\Android\Sdk\platform-tools\adb.exe -P 5037 -s RZ8N92THVRW shell dumpsys package io.appium.android.apis'
[debug] &amp#27;[35m[ADB]&amp#27;[39m The version name of the installed 'io.appium.android.apis' is greater or equal to the application version name ('3.1.0' >= '3.1.0')
[debug] &amp#27;[35m[ADB]&amp#27;[39m There is no need to install/upgrade 'D:\Eclipse workspace\Capgemini Projects\Appium_Testing\src\ApiDemos-debug.apk'
&amp#27;[35m[AndroidDriver]&amp#27;[39m Performing fast reset on 'io.appium.android.apis'
[debug] &amp#27;[35m[ADB]&amp#27;[39m Getting install status for io.appium.android.apis
[debug] &amp#27;[35m[ADB]&amp#27;[39m Running 'C:\Users\TAPAS\AppData\Local\Android\Sdk\platform-tools\adb.exe -P 5037 -s RZ8N92THVRW shell dumpsys package io.appium.android.apis'
[debug] &amp#27;[35m[ADB]&amp#27;[39m 'io.appium.android.apis' is installed
[debug] &amp#27;[35m[ADB]&amp#27;[39m Running 'C:\Users\TAPAS\AppData\Local\Android\Sdk\platform-tools\adb.exe -P 5037 -s RZ8N92THVRW shell am force-stop io.appium.android.apis'
[debug] &amp#27;[35m[ADB]&amp#27;[39m Running 'C:\Users\TAPAS\AppData\Local\Android\Sdk\platform-tools\adb.exe -P 5037 -s RZ8N92THVRW shell pm clear io.appium.android.apis'
[debug] &amp#27;[35m[AndroidDriver]&amp#27;[39m Performed fast reset on the installed 'io.appium.android.apis' application (stop and clear)
[debug] &amp#27;[35m[UiAutomator2]&amp#27;[39m Performing shallow cleanup of automation leftovers
[debug] &amp#27;[35m[UiAutomator2]&amp#27;[39m The following obsolete sessions are still running: [null]
[debug] &amp#27;[35m[UiAutomator2]&amp#27;[39m Cleaning up the obsolete sessions
[debug] &amp#27;[35m[ADB]&amp#27;[39m Running 'C:\Users\TAPAS\AppData\Local\Android\Sdk\platform-tools\adb.exe -P 5037 -s RZ8N92THVRW shell am force-stop io.appium.uiautomator2.server.test'
&amp#27;[35m[UiAutomator2]&amp#27;[39m Starting UIAutomator2 server 4.17.4
&amp#27;[35m[UiAutomator2]&amp#27;[39m Using UIAutomator2 server from 'C:\Users\TAPAS\AppData\Roaming\npm\node_modules\appium\node_modules\appium-uiautomator2-server\apks\appium-uiautomator2-server-v4.17.4.apk' and test from 'C:\Users\TAPAS\AppData\Roaming\npm\node_modules\appium\node_modules\appium-uiautomator2-server\apks\appium-uiautomator2-server-debug-androidTest.apk'
&amp#27;[35m[UiAutomator2]&amp#27;[39m Waiting up to 30000ms for UiAutomator2 to be online...
[debug] &amp#27;[35m[ADB]&amp#27;[39m Creating ADB subprocess with args: ["-P",5037,"-s","RZ8N92THVRW","shell","am","instrument","-w","io.appium.uiautomator2.server.test/androidx.test.runner.AndroidJUnitRunner"]
[debug] &amp#27;[35m[WD Proxy]&amp#27;[39m Matched '/status' to command name 'getStatus'
[debug] &amp#27;[35m[WD Proxy]&amp#27;[39m Proxying [GET /status] to [GET http://127.0.0.1:8200/wd/hub/status] with no body
&amp#27;[35m[WD Proxy]&amp#27;[39m socket hang up
[debug] &amp#27;[35m[WD Proxy]&amp#27;[39m Matched '/status' to command name 'getStatus'
[debug] &amp#27;[35m[WD Proxy]&amp#27;[39m Proxying [GET /status] to [GET http://127.0.0.1:8200/wd/hub/status] with no body
&amp#27;[35m[WD Proxy]&amp#27;[39m socket hang up
[debug] &amp#27;[35m[Instrumentation]&amp#27;[39m io.appium.uiautomator2.server.test.AppiumUiAutomator2Server:
[debug] &amp#27;[35m[WD Proxy]&amp#27;[39m Matched '/status' to command name 'getStatus'
[debug] &amp#27;[35m[WD Proxy]&amp#27;[39m Proxying [GET /status] to [GET http://127.0.0.1:8200/wd/hub/status] with no body
&amp#27;[35m[WD Proxy]&amp#27;[39m socket hang up
[debug] &amp#27;[35m[WD Proxy]&amp#27;[39m Matched '/status' to command name 'getStatus'
[debug] &amp#27;[35m[WD Proxy]&amp#27;[39m Proxying [GET /status] to [GET http://127.0.0.1:8200/wd/hub/status] with no body
[debug] &amp#27;[35m[WD Proxy]&amp#27;[39m Got response with status 200: {"sessionId":"None","value":{"message":"UiAutomator2 Server is ready to accept commands","ready":true}}
[debug] &amp#27;[35m[UiAutomator2]&amp#27;[39m The initialization of the instrumentation process took 3235ms
[debug] &amp#27;[35m[WD Proxy]&amp#27;[39m Matched '/session' to command name 'createSession'
[debug] &amp#27;[35m[WD Proxy]&amp#27;[39m Proxying [POST /session] to [POST http://127.0.0.1:8200/wd/hub/session] with body: {"capabilities":{"firstMatch":[{"platform":"LINUX","webStorageEnabled":false,"takesScreenshot":true,"javascriptEnabled":true,"databaseEnabled":false,"networkConnectionEnabled":true,"locationContextEnabled":false,"warnings":{},"desired":{"platformName":"android","app":"D:\\Eclipse workspace\\Capgemini Projects\\Appium_Testing\\src\\ApiDemos-debug.apk","deviceName":"Galaxy M51"},"platformName":"android","app":"D:\\Eclipse workspace\\Capgemini Projects\\Appium_Testing\\src\\ApiDemos-debug.apk","deviceName":"RZ8N92THVRW","deviceUDID":"RZ8N92THVRW","appPackage":"io.appium.android.apis"}],"alwaysMatch":{}}}
[debug] &amp#27;[35m[WD Proxy]&amp#27;[39m Got response with status 200: {"sessionId":"c6b6c49d-b373-4bd9-8432-dfa805fa63a4","value":{"capabilities":{"firstMatch":[{"platform":"LINUX","webStorageEnabled":false,"takesScreenshot":true,"javascriptEnabled":true,"databaseEnabled":false,"networkConnectionEnabled":true,"locationContextEnabled":false,"warnings":{},"desired":{"platformName":"android","app":"D:\\Eclipse workspace\\Capgemini Projects\\Appium_Testing\\src\\ApiDemos-debug.apk","deviceName":"Galaxy M51"},"platformName":"android","app":"D:\\Eclipse workspace\\Capgemini Projects\\Appium_Testing\\src\\ApiDemos-debug.apk","deviceName":"RZ8N92THVRW","deviceUDID":"RZ8N92THVRW","appPackage":"io.appium.android.apis"}],"alwaysMatch":{}},"sessionId":"c6b6c49d-b373-4bd9-8432-dfa805fa63a4"}}
&amp#27;[35m[WD Proxy]&amp#27;[39m Determined the downstream protocol as 'W3C'
[debug] &amp#27;[35m[WD Proxy]&amp#27;[39m Proxying [GET /appium/device/info] to [GET http://127.0.0.1:8200/wd/hub/session/c6b6c49d-b373-4bd9-8432-dfa805fa63a4/appium/device/info] with no body
[debug] &amp#27;[35m[WD Proxy]&amp#27;[39m Got response with status 200: {"sessionId":"c6b6c49d-b373-4bd9-8432-dfa805fa63a4","value":{"androidId":"2b98a1cdb642478c","apiVersion":"30","bluetooth":{"state":"OFF"},"brand":"samsung","carrierName":"JIO 4G","displayDensity":450,"locale":"en_GB","manufacturer":"samsung","model":"SM-M515F","networks":[{"capabilities":{"SSID":null,"linkDownBandwidthKbps":30000,"linkUpstreamBandwidthKbps":15000,"networkCapabilities":"NET_CAPABILITY_IMS,NET_CAPABILITY_NOT_METERED,NET_CAPABILITY_TRUSTED,NET_CAPABILITY_NOT_VPN,NET_CAPABILITY_VALIDATED,NET_CAPABILITY_FOREGROUND,NET_CAPABILITY_NOT_CONGESTED,NET_CAPABILITY_NOT_SUSPENDED","signalStrength":-2147483648,"transportTypes":"TRANSPORT_CELLULAR"},"detailedState":"CONNECTED","extraInfo":"IMS","isAvailable":true,"isConnected":true,"isFailover":false,"isRoaming":true,"state":"CONNECTED","subtype":13,"subtypeName":"LTE","type":0,"typeName":"MOBILE"},{"capabilities":{"SSID":null,"linkDownBandwidthKbps":49500,"linkUpstreamBandwidthKbps":16830,"networkCapabilities":"NET_CAPABILITY_NOT_METERED,NET_CAPABILITY_I...
[debug] &amp#27;[35m[ADB]&amp#27;[39m Running 'C:\Users\TAPAS\AppData\Local\Android\Sdk\platform-tools\adb.exe -P 5037 -s RZ8N92THVRW shell dumpsys window'
&amp#27;[35m[AndroidDriver]&amp#27;[39m Screen already unlocked, doing nothing
&amp#27;[35m[UiAutomator2]&amp#27;[39m Starting 'io.appium.android.apis/io.appium.android.apis.ApiDemos and waiting for 'io.appium.android.apis/io.appium.android.apis.ApiDemos'
[debug] &amp#27;[35m[ADB]&amp#27;[39m Running 'C:\Users\TAPAS\AppData\Local\Android\Sdk\platform-tools\adb.exe -P 5037 -s RZ8N92THVRW shell am start -W -n io.appium.android.apis/io.appium.android.apis.ApiDemos -S -a android.intent.action.MAIN -c android.intent.category.LAUNCHER -f 0x10200000'
[debug] &amp#27;[35m[ADB]&amp#27;[39m Waiting up to 20000ms for activity matching pkg: 'io.appium.android.apis' and activity: 'io.appium.android.apis.ApiDemos' to be focused
[debug] &amp#27;[35m[ADB]&amp#27;[39m Possible activities, to be checked: 'io.appium.android.apis.ApiDemos', 'io.appium.android.apis.io.appium.android.apis.ApiDemos'
[debug] &amp#27;[35m[ADB]&amp#27;[39m Getting focused package and activity
[debug] &amp#27;[35m[ADB]&amp#27;[39m Running 'C:\Users\TAPAS\AppData\Local\Android\Sdk\platform-tools\adb.exe -P 5037 -s RZ8N92THVRW shell dumpsys window displays'
[debug] &amp#27;[35m[ADB]&amp#27;[39m Found package: 'io.appium.android.apis' and fully qualified activity name : 'io.appium.android.apis.ApiDemos'
[debug] &amp#27;[35m[WD Proxy]&amp#27;[39m Proxying [GET /appium/device/pixel_ratio] to [GET http://127.0.0.1:8200/wd/hub/session/c6b6c49d-b373-4bd9-8432-dfa805fa63a4/appium/device/pixel_ratio] with no body
[debug] &amp#27;[35m[WD Proxy]&amp#27;[39m Got response with status 200: {"sessionId":"c6b6c49d-b373-4bd9-8432-dfa805fa63a4","value":2.8125}
[debug] &amp#27;[35m[WD Proxy]&amp#27;[39m Matched '/appium/device/system_bars' to command name 'getSystemBars'
[debug] &amp#27;[35m[WD Proxy]&amp#27;[39m Proxying [GET /appium/device/system_bars] to [GET http://127.0.0.1:8200/wd/hub/session/c6b6c49d-b373-4bd9-8432-dfa805fa63a4/appium/device/system_bars] with no body
[debug] &amp#27;[35m[WD Proxy]&amp#27;[39m Got response with status 200: {"sessionId":"c6b6c49d-b373-4bd9-8432-dfa805fa63a4","value":{"statusBar":91}}
[debug] &amp#27;[35m[WD Proxy]&amp#27;[39m Matched '/window/current/size' to command name 'getWindowSize'
[debug] &amp#27;[35m[WD Proxy]&amp#27;[39m Proxying [GET /window/current/size] to [GET http://127.0.0.1:8200/wd/hub/session/c6b6c49d-b373-4bd9-8432-dfa805fa63a4/window/current/size] with no body
[debug] &amp#27;[35m[WD Proxy]&amp#27;[39m Got response with status 200: {"sessionId":"c6b6c49d-b373-4bd9-8432-dfa805fa63a4","value":{"height":2267,"width":1080}}
&amp#27;[35m[Appium]&amp#27;[39m New AndroidUiautomator2Driver session created successfully, session 76d6d3d0-2b00-46b6-98d4-a842aedec80e added to master session list
[debug] &amp#27;[35m[BaseDriver]&amp#27;[39m Event 'newSessionStarted' logged at 1617432794154 (12:23:14 GMT+0530 (India Standard Time))
[debug] &amp#27;[35m[W3C (76d6d3d0)]&amp#27;[39m Cached the protocol value 'W3C' for the new session 76d6d3d0-2b00-46b6-98d4-a842aedec80e
[debug] &amp#27;[35m[W3C (76d6d3d0)]&amp#27;[39m Responding to client with driver.createSession() result: {"capabilities":{"platform":"LINUX","webStorageEnabled":false,"takesScreenshot":true,"javascriptEnabled":true,"databaseEnabled":false,"networkConnectionEnabled":true,"locationContextEnabled":false,"warnings":{},"desired":{"platformName":"android","app":"D:\\Eclipse workspace\\Capgemini Projects\\Appium_Testing\\src\\ApiDemos-debug.apk","deviceName":"Galaxy M51"},"platformName":"android","app":"D:\\Eclipse workspace\\Capgemini Projects\\Appium_Testing\\src\\ApiDemos-debug.apk","deviceName":"RZ8N92THVRW","deviceUDID":"RZ8N92THVRW","appPackage":"io.appium.android.apis","deviceApiLevel":30,"platformVersion":"11","deviceScreenSize":"2400x1080","deviceScreenDensity":450,"deviceModel":"SM-M515F","deviceManufacturer":"samsung","pixelRatio":2.8125,"statBarHeight":91,"viewportRect":{"left":0,"top":91,"width":1080,"height":2176}}}
&amp#27;[35m[HTTP]&amp#27;[39m &amp#27;[37m<-- POST /wd/hub/session &amp#27;[39m&amp#27;[32m200&amp#27;[39m &amp#27;[90m39232 ms - 892&amp#27;[39m
&amp#27;[35m[HTTP]&amp#27;[39m &amp#27;[90m&amp#27;[39m
&amp#27;[35m[HTTP]&amp#27;[39m &amp#27;[37m-->&amp#27;[39m &amp#27;[37mPOST&amp#27;[39m &amp#27;[37m/wd/hub/session/76d6d3d0-2b00-46b6-98d4-a842aedec80e/timeouts&amp#27;[39m
&amp#27;[35m[HTTP]&amp#27;[39m &amp#27;[90m{"implicit":10000}&amp#27;[39m
[debug] &amp#27;[35m[W3C (76d6d3d0)]&amp#27;[39m Calling AppiumDriver.timeouts() with args: [null,null,null,null,10000,"76d6d3d0-2b00-46b6-98d4-a842aedec80e"]
[debug] &amp#27;[35m[BaseDriver]&amp#27;[39m W3C timeout argument: {"implicit":10000}}
[debug] &amp#27;[35m[BaseDriver]&amp#27;[39m Set implicit wait to 10000ms
[debug] &amp#27;[35m[W3C (76d6d3d0)]&amp#27;[39m Responding to client with driver.timeouts() result: null
&amp#27;[35m[HTTP]&amp#27;[39m &amp#27;[37m<-- POST /wd/hub/session/76d6d3d0-2b00-46b6-98d4-a842aedec80e/timeouts &amp#27;[39m&amp#27;[32m200&amp#27;[39m &amp#27;[90m35 ms - 14&amp#27;[39m
&amp#27;[35m[HTTP]&amp#27;[39m &amp#27;[90m&amp#27;[39m
&amp#27;[35m[HTTP]&amp#27;[39m &amp#27;[37m-->&amp#27;[39m &amp#27;[37mGET&amp#27;[39m &amp#27;[37m/wd/hub/session/76d6d3d0-2b00-46b6-98d4-a842aedec80e/context&amp#27;[39m
&amp#27;[35m[HTTP]&amp#27;[39m &amp#27;[90m{}&amp#27;[39m
[debug] &amp#27;[35m[W3C (76d6d3d0)]&amp#27;[39m Calling AppiumDriver.getCurrentContext() with args: ["76d6d3d0-2b00-46b6-98d4-a842aedec80e"]
[debug] &amp#27;[35m[W3C (76d6d3d0)]&amp#27;[39m Responding to client with driver.getCurrentContext() result: "NATIVE_APP"
&amp#27;[35m[HTTP]&amp#27;[39m &amp#27;[37m<-- GET /wd/hub/session/76d6d3d0-2b00-46b6-98d4-a842aedec80e/context &amp#27;[39m&amp#27;[32m200&amp#27;[39m &amp#27;[90m20 ms - 22&amp#27;[39m
&amp#27;[35m[HTTP]&amp#27;[39m &amp#27;[90m&amp#27;[39m
&amp#27;[35m[HTTP]&amp#27;[39m &amp#27;[37m-->&amp#27;[39m &amp#27;[37mPOST&amp#27;[39m &amp#27;[37m/wd/hub/session/76d6d3d0-2b00-46b6-98d4-a842aedec80e/element&amp#27;[39m
&amp#27;[35m[HTTP]&amp#27;[39m &amp#27;[90m{"using":"xpath","value":"//*[@text='Preference']"}&amp#27;[39m
[debug] &amp#27;[35m[W3C (76d6d3d0)]&amp#27;[39m Calling AppiumDriver.findElement() with args: ["xpath","//*[@text='Preference']","76d6d3d0-2b00-46b6-98d4-a842aedec80e"]
[debug] &amp#27;[35m[BaseDriver]&amp#27;[39m Valid locator strategies for this request: xpath, id, class name, accessibility id, css selector, -android uiautomator
[debug] &amp#27;[35m[BaseDriver]&amp#27;[39m Waiting up to 10000 ms for condition
[debug] &amp#27;[35m[WD Proxy]&amp#27;[39m Matched '/element' to command name 'findElement'
[debug] &amp#27;[35m[WD Proxy]&amp#27;[39m Proxying [POST /element] to [POST http://127.0.0.1:8200/wd/hub/session/c6b6c49d-b373-4bd9-8432-dfa805fa63a4/element] with body: {"strategy":"xpath","selector":"//*[@text='Preference']","context":"","multiple":false}
[debug] &amp#27;[35m[WD Proxy]&amp#27;[39m Got response with status 200: {"sessionId":"c6b6c49d-b373-4bd9-8432-dfa805fa63a4","value":{"ELEMENT":"50870c48-11e1-4336-a674-f2a140acfb94","element-6066-11e4-a52e-4f735466cecf":"50870c48-11e1-4336-a674-f2a140acfb94"}}
[debug] &amp#27;[35m[W3C (76d6d3d0)]&amp#27;[39m Responding to client with driver.findElement() result: {"element-6066-11e4-a52e-4f735466cecf":"50870c48-11e1-4336-a674-f2a140acfb94","ELEMENT":"50870c48-11e1-4336-a674-f2a140acfb94"}
&amp#27;[35m[HTTP]&amp#27;[39m &amp#27;[37m<-- POST /wd/hub/session/76d6d3d0-2b00-46b6-98d4-a842aedec80e/element &amp#27;[39m&amp#27;[32m200&amp#27;[39m &amp#27;[90m167 ms - 137&amp#27;[39m
&amp#27;[35m[HTTP]&amp#27;[39m &amp#27;[90m&amp#27;[39m
&amp#27;[35m[HTTP]&amp#27;[39m &amp#27;[37m-->&amp#27;[39m &amp#27;[37mPOST&amp#27;[39m &amp#27;[37m/wd/hub/session/76d6d3d0-2b00-46b6-98d4-a842aedec80e/element/50870c48-11e1-4336-a674-f2a140acfb94/click&amp#27;[39m
&amp#27;[35m[HTTP]&amp#27;[39m &amp#27;[90m{"id":"50870c48-11e1-4336-a674-f2a140acfb94"}&amp#27;[39m
[debug] &amp#27;[35m[W3C (76d6d3d0)]&amp#27;[39m Calling AppiumDriver.click() with args: ["50870c48-11e1-4336-a674-f2a140acfb94","76d6d3d0-2b00-46b6-98d4-a842aedec80e"]
[debug] &amp#27;[35m[WD Proxy]&amp#27;[39m Matched '/element/50870c48-11e1-4336-a674-f2a140acfb94/click' to command name 'click'
[debug] &amp#27;[35m[WD Proxy]&amp#27;[39m Proxying [POST /element/50870c48-11e1-4336-a674-f2a140acfb94/click] to [POST http://127.0.0.1:8200/wd/hub/session/c6b6c49d-b373-4bd9-8432-dfa805fa63a4/element/50870c48-11e1-4336-a674-f2a140acfb94/click] with body: {"element":"50870c48-11e1-4336-a674-f2a140acfb94"}
[debug] &amp#27;[35m[WD Proxy]&amp#27;[39m Got response with status 200: {"sessionId":"c6b6c49d-b373-4bd9-8432-dfa805fa63a4","value":null}
[debug] &amp#27;[35m[W3C (76d6d3d0)]&amp#27;[39m Responding to client with driver.click() result: null
&amp#27;[35m[HTTP]&amp#27;[39m &amp#27;[37m<-- POST /wd/hub/session/76d6d3d0-2b00-46b6-98d4-a842aedec80e/element/50870c48-11e1-4336-a674-f2a140acfb94/click &amp#27;[39m&amp#27;[32m200&amp#27;[39m &amp#27;[90m1186 ms - 14&amp#27;[39m
&amp#27;[35m[HTTP]&amp#27;[39m &amp#27;[90m&amp#27;[39m
&amp#27;[35m[HTTP]&amp#27;[39m &amp#27;[37m-->&amp#27;[39m &amp#27;[37mGET&amp#27;[39m &amp#27;[37m/wd/hub/session/76d6d3d0-2b00-46b6-98d4-a842aedec80e/context&amp#27;[39m
&amp#27;[35m[HTTP]&amp#27;[39m &amp#27;[90m{}&amp#27;[39m
[debug] &amp#27;[35m[W3C (76d6d3d0)]&amp#27;[39m Calling AppiumDriver.getCurrentContext() with args: ["76d6d3d0-2b00-46b6-98d4-a842aedec80e"]
[debug] &amp#27;[35m[W3C (76d6d3d0)]&amp#27;[39m Responding to client with driver.getCurrentContext() result: "NATIVE_APP"
&amp#27;[35m[HTTP]&amp#27;[39m &amp#27;[37m<-- GET /wd/hub/session/76d6d3d0-2b00-46b6-98d4-a842aedec80e/context &amp#27;[39m&amp#27;[32m200&amp#27;[39m &amp#27;[90m9 ms - 22&amp#27;[39m
&amp#27;[35m[HTTP]&amp#27;[39m &amp#27;[90m&amp#27;[39m
&amp#27;[35m[HTTP]&amp#27;[39m &amp#27;[37m-->&amp#27;[39m &amp#27;[37mPOST&amp#27;[39m &amp#27;[37m/wd/hub/session/76d6d3d0-2b00-46b6-98d4-a842aedec80e/element&amp#27;[39m
&amp#27;[35m[HTTP]&amp#27;[39m &amp#27;[90m{"using":"xpath","value":"//*[@text='3. Preference dependencies']"}&amp#27;[39m
[debug] &amp#27;[35m[W3C (76d6d3d0)]&amp#27;[39m Calling AppiumDriver.findElement() with args: ["xpath","//*[@text='3. Preference dependencies']","76d6d3d0-2b00-46b6-98d4-a842aedec80e"]
[debug] &amp#27;[35m[BaseDriver]&amp#27;[39m Valid locator strategies for this request: xpath, id, class name, accessibility id, css selector, -android uiautomator
[debug] &amp#27;[35m[BaseDriver]&amp#27;[39m Waiting up to 10000 ms for condition
[debug] &amp#27;[35m[WD Proxy]&amp#27;[39m Matched '/element' to command name 'findElement'
[debug] &amp#27;[35m[WD Proxy]&amp#27;[39m Proxying [POST /element] to [POST http://127.0.0.1:8200/wd/hub/session/c6b6c49d-b373-4bd9-8432-dfa805fa63a4/element] with body: {"strategy":"xpath","selector":"//*[@text='3. Preference dependencies']","context":"","multiple":false}
[debug] &amp#27;[35m[WD Proxy]&amp#27;[39m Got response with status 200: {"sessionId":"c6b6c49d-b373-4bd9-8432-dfa805fa63a4","value":{"ELEMENT":"2e0fd7d2-690d-4795-92bc-e5395bc12502","element-6066-11e4-a52e-4f735466cecf":"2e0fd7d2-690d-4795-92bc-e5395bc12502"}}
[debug] &amp#27;[35m[W3C (76d6d3d0)]&amp#27;[39m Responding to client with driver.findElement() result: {"element-6066-11e4-a52e-4f735466cecf":"2e0fd7d2-690d-4795-92bc-e5395bc12502","ELEMENT":"2e0fd7d2-690d-4795-92bc-e5395bc12502"}
&amp#27;[35m[HTTP]&amp#27;[39m &amp#27;[37m<-- POST /wd/hub/session/76d6d3d0-2b00-46b6-98d4-a842aedec80e/element &amp#27;[39m&amp#27;[32m200&amp#27;[39m &amp#27;[90m140 ms - 137&amp#27;[39m
&amp#27;[35m[HTTP]&amp#27;[39m &amp#27;[90m&amp#27;[39m
&amp#27;[35m[HTTP]&amp#27;[39m &amp#27;[37m-->&amp#27;[39m &amp#27;[37mPOST&amp#27;[39m &amp#27;[37m/wd/hub/session/76d6d3d0-2b00-46b6-98d4-a842aedec80e/element/2e0fd7d2-690d-4795-92bc-e5395bc12502/click&amp#27;[39m
&amp#27;[35m[HTTP]&amp#27;[39m &amp#27;[90m{"id":"2e0fd7d2-690d-4795-92bc-e5395bc12502"}&amp#27;[39m
[debug] &amp#27;[35m[W3C (76d6d3d0)]&amp#27;[39m Calling AppiumDriver.click() with args: ["2e0fd7d2-690d-4795-92bc-e5395bc12502","76d6d3d0-2b00-46b6-98d4-a842aedec80e"]
[debug] &amp#27;[35m[WD Proxy]&amp#27;[39m Matched '/element/2e0fd7d2-690d-4795-92bc-e5395bc12502/click' to command name 'click'
[debug] &amp#27;[35m[WD Proxy]&amp#27;[39m Proxying [POST /element/2e0fd7d2-690d-4795-92bc-e5395bc12502/click] to [POST http://127.0.0.1:8200/wd/hub/session/c6b6c49d-b373-4bd9-8432-dfa805fa63a4/element/2e0fd7d2-690d-4795-92bc-e5395bc12502/click] with body: {"element":"2e0fd7d2-690d-4795-92bc-e5395bc12502"}
[debug] &amp#27;[35m[WD Proxy]&amp#27;[39m Got response with status 200: {"sessionId":"c6b6c49d-b373-4bd9-8432-dfa805fa63a4","value":null}
[debug] &amp#27;[35m[W3C (76d6d3d0)]&amp#27;[39m Responding to client with driver.click() result: null
&amp#27;[35m[HTTP]&amp#27;[39m &amp#27;[37m<-- POST /wd/hub/session/76d6d3d0-2b00-46b6-98d4-a842aedec80e/element/2e0fd7d2-690d-4795-92bc-e5395bc12502/click &amp#27;[39m&amp#27;[32m200&amp#27;[39m &amp#27;[90m1001 ms - 14&amp#27;[39m
&amp#27;[35m[HTTP]&amp#27;[39m &amp#27;[90m&amp#27;[39m
&amp#27;[35m[HTTP]&amp#27;[39m &amp#27;[37m-->&amp#27;[39m &amp#27;[37mGET&amp#27;[39m &amp#27;[37m/wd/hub/session/76d6d3d0-2b00-46b6-98d4-a842aedec80e/context&amp#27;[39m
&amp#27;[35m[HTTP]&amp#27;[39m &amp#27;[90m{}&amp#27;[39m
[debug] &amp#27;[35m[W3C (76d6d3d0)]&amp#27;[39m Calling AppiumDriver.getCurrentContext() with args: ["76d6d3d0-2b00-46b6-98d4-a842aedec80e"]
[debug] &amp#27;[35m[W3C (76d6d3d0)]&amp#27;[39m Responding to client with driver.getCurrentContext() result: "NATIVE_APP"
&amp#27;[35m[HTTP]&amp#27;[39m &amp#27;[37m<-- GET /wd/hub/session/76d6d3d0-2b00-46b6-98d4-a842aedec80e/context &amp#27;[39m&amp#27;[32m200&amp#27;[39m &amp#27;[90m5 ms - 22&amp#27;[39m
&amp#27;[35m[HTTP]&amp#27;[39m &amp#27;[90m&amp#27;[39m
&amp#27;[35m[HTTP]&amp#27;[39m &amp#27;[37m-->&amp#27;[39m &amp#27;[37mPOST&amp#27;[39m &amp#27;[37m/wd/hub/session/76d6d3d0-2b00-46b6-98d4-a842aedec80e/element&amp#27;[39m
&amp#27;[35m[HTTP]&amp#27;[39m &amp#27;[90m{"using":"id","value":"android:id/checkbox"}&amp#27;[39m
[debug] &amp#27;[35m[W3C (76d6d3d0)]&amp#27;[39m Calling AppiumDriver.findElement() with args: ["id","android:id/checkbox","76d6d3d0-2b00-46b6-98d4-a842aedec80e"]
[debug] &amp#27;[35m[BaseDriver]&amp#27;[39m Valid locator strategies for this request: xpath, id, class name, accessibility id, css selector, -android uiautomator
[debug] &amp#27;[35m[BaseDriver]&amp#27;[39m Waiting up to 10000 ms for condition
[debug] &amp#27;[35m[WD Proxy]&amp#27;[39m Matched '/element' to command name 'findElement'
[debug] &amp#27;[35m[WD Proxy]&amp#27;[39m Proxying [POST /element] to [POST http://127.0.0.1:8200/wd/hub/session/c6b6c49d-b373-4bd9-8432-dfa805fa63a4/element] with body: {"strategy":"id","selector":"android:id/checkbox","context":"","multiple":false}
[debug] &amp#27;[35m[WD Proxy]&amp#27;[39m Got response with status 200: {"sessionId":"c6b6c49d-b373-4bd9-8432-dfa805fa63a4","value":{"ELEMENT":"bf369fbf-7b73-40da-b51d-dcae56ff1ed0","element-6066-11e4-a52e-4f735466cecf":"bf369fbf-7b73-40da-b51d-dcae56ff1ed0"}}
[debug] &amp#27;[35m[W3C (76d6d3d0)]&amp#27;[39m Responding to client with driver.findElement() result: {"element-6066-11e4-a52e-4f735466cecf":"bf369fbf-7b73-40da-b51d-dcae56ff1ed0","ELEMENT":"bf369fbf-7b73-40da-b51d-dcae56ff1ed0"}
&amp#27;[35m[HTTP]&amp#27;[39m &amp#27;[37m<-- POST /wd/hub/session/76d6d3d0-2b00-46b6-98d4-a842aedec80e/element &amp#27;[39m&amp#27;[32m200&amp#27;[39m &amp#27;[90m102 ms - 137&amp#27;[39m
&amp#27;[35m[HTTP]&amp#27;[39m &amp#27;[90m&amp#27;[39m
&amp#27;[35m[HTTP]&amp#27;[39m &amp#27;[37m-->&amp#27;[39m &amp#27;[37mPOST&amp#27;[39m &amp#27;[37m/wd/hub/session/76d6d3d0-2b00-46b6-98d4-a842aedec80e/element/bf369fbf-7b73-40da-b51d-dcae56ff1ed0/click&amp#27;[39m
&amp#27;[35m[HTTP]&amp#27;[39m &amp#27;[90m{"id":"bf369fbf-7b73-40da-b51d-dcae56ff1ed0"}&amp#27;[39m
[debug] &amp#27;[35m[W3C (76d6d3d0)]&amp#27;[39m Calling AppiumDriver.click() with args: ["bf369fbf-7b73-40da-b51d-dcae56ff1ed0","76d6d3d0-2b00-46b6-98d4-a842aedec80e"]
[debug] &amp#27;[35m[WD Proxy]&amp#27;[39m Matched '/element/bf369fbf-7b73-40da-b51d-dcae56ff1ed0/click' to command name 'click'
[debug] &amp#27;[35m[WD Proxy]&amp#27;[39m Proxying [POST /element/bf369fbf-7b73-40da-b51d-dcae56ff1ed0/click] to [POST http://127.0.0.1:8200/wd/hub/session/c6b6c49d-b373-4bd9-8432-dfa805fa63a4/element/bf369fbf-7b73-40da-b51d-dcae56ff1ed0/click] with body: {"element":"bf369fbf-7b73-40da-b51d-dcae56ff1ed0"}
[debug] &amp#27;[35m[WD Proxy]&amp#27;[39m Got response with status 200: {"sessionId":"c6b6c49d-b373-4bd9-8432-dfa805fa63a4","value":null}
[debug] &amp#27;[35m[W3C (76d6d3d0)]&amp#27;[39m Responding to client with driver.click() result: null
&amp#27;[35m[HTTP]&amp#27;[39m &amp#27;[37m<-- POST /wd/hub/session/76d6d3d0-2b00-46b6-98d4-a842aedec80e/element/bf369fbf-7b73-40da-b51d-dcae56ff1ed0/click &amp#27;[39m&amp#27;[32m200&amp#27;[39m &amp#27;[90m771 ms - 14&amp#27;[39m
&amp#27;[35m[HTTP]&amp#27;[39m &amp#27;[90m&amp#27;[39m
&amp#27;[35m[HTTP]&amp#27;[39m &amp#27;[37m-->&amp#27;[39m &amp#27;[37mGET&amp#27;[39m &amp#27;[37m/wd/hub/session/76d6d3d0-2b00-46b6-98d4-a842aedec80e/context&amp#27;[39m
&amp#27;[35m[HTTP]&amp#27;[39m &amp#27;[90m{}&amp#27;[39m
[debug] &amp#27;[35m[W3C (76d6d3d0)]&amp#27;[39m Calling AppiumDriver.getCurrentContext() with args: ["76d6d3d0-2b00-46b6-98d4-a842aedec80e"]
[debug] &amp#27;[35m[W3C (76d6d3d0)]&amp#27;[39m Responding to client with driver.getCurrentContext() result: "NATIVE_APP"
&amp#27;[35m[HTTP]&amp#27;[39m &amp#27;[37m<-- GET /wd/hub/session/76d6d3d0-2b00-46b6-98d4-a842aedec80e/context &amp#27;[39m&amp#27;[32m200&amp#27;[39m &amp#27;[90m6 ms - 22&amp#27;[39m
&amp#27;[35m[HTTP]&amp#27;[39m &amp#27;[90m&amp#27;[39m
&amp#27;[35m[HTTP]&amp#27;[39m &amp#27;[37m-->&amp#27;[39m &amp#27;[37mPOST&amp#27;[39m &amp#27;[37m/wd/hub/session/76d6d3d0-2b00-46b6-98d4-a842aedec80e/element&amp#27;[39m
&amp#27;[35m[HTTP]&amp#27;[39m &amp#27;[90m{"using":"xpath","value":"//*[@text='WiFi settings']"}&amp#27;[39m
[debug] &amp#27;[35m[W3C (76d6d3d0)]&amp#27;[39m Calling AppiumDriver.findElement() with args: ["xpath","//*[@text='WiFi settings']","76d6d3d0-2b00-46b6-98d4-a842aedec80e"]
[debug] &amp#27;[35m[BaseDriver]&amp#27;[39m Valid locator strategies for this request: xpath, id, class name, accessibility id, css selector, -android uiautomator
[debug] &amp#27;[35m[BaseDriver]&amp#27;[39m Waiting up to 10000 ms for condition
[debug] &amp#27;[35m[WD Proxy]&amp#27;[39m Matched '/element' to command name 'findElement'
[debug] &amp#27;[35m[WD Proxy]&amp#27;[39m Proxying [POST /element] to [POST http://127.0.0.1:8200/wd/hub/session/c6b6c49d-b373-4bd9-8432-dfa805fa63a4/element] with body: {"strategy":"xpath","selector":"//*[@text='WiFi settings']","context":"","multiple":false}
[debug] &amp#27;[35m[WD Proxy]&amp#27;[39m Got response with status 200: {"sessionId":"c6b6c49d-b373-4bd9-8432-dfa805fa63a4","value":{"ELEMENT":"c163f5ad-fb57-47cc-9221-6e6efe82d1e2","element-6066-11e4-a52e-4f735466cecf":"c163f5ad-fb57-47cc-9221-6e6efe82d1e2"}}
[debug] &amp#27;[35m[W3C (76d6d3d0)]&amp#27;[39m Responding to client with driver.findElement() result: {"element-6066-11e4-a52e-4f735466cecf":"c163f5ad-fb57-47cc-9221-6e6efe82d1e2","ELEMENT":"c163f5ad-fb57-47cc-9221-6e6efe82d1e2"}
&amp#27;[35m[HTTP]&amp#27;[39m &amp#27;[37m<-- POST /wd/hub/session/76d6d3d0-2b00-46b6-98d4-a842aedec80e/element &amp#27;[39m&amp#27;[32m200&amp#27;[39m &amp#27;[90m126 ms - 137&amp#27;[39m
&amp#27;[35m[HTTP]&amp#27;[39m &amp#27;[90m&amp#27;[39m
&amp#27;[35m[HTTP]&amp#27;[39m &amp#27;[37m-->&amp#27;[39m &amp#27;[37mPOST&amp#27;[39m &amp#27;[37m/wd/hub/session/76d6d3d0-2b00-46b6-98d4-a842aedec80e/element/c163f5ad-fb57-47cc-9221-6e6efe82d1e2/click&amp#27;[39m
&amp#27;[35m[HTTP]&amp#27;[39m &amp#27;[90m{"id":"c163f5ad-fb57-47cc-9221-6e6efe82d1e2"}&amp#27;[39m
[debug] &amp#27;[35m[W3C (76d6d3d0)]&amp#27;[39m Calling AppiumDriver.click() with args: ["c163f5ad-fb57-47cc-9221-6e6efe82d1e2","76d6d3d0-2b00-46b6-98d4-a842aedec80e"]
[debug] &amp#27;[35m[WD Proxy]&amp#27;[39m Matched '/element/c163f5ad-fb57-47cc-9221-6e6efe82d1e2/click' to command name 'click'
[debug] &amp#27;[35m[WD Proxy]&amp#27;[39m Proxying [POST /element/c163f5ad-fb57-47cc-9221-6e6efe82d1e2/click] to [POST http://127.0.0.1:8200/wd/hub/session/c6b6c49d-b373-4bd9-8432-dfa805fa63a4/element/c163f5ad-fb57-47cc-9221-6e6efe82d1e2/click] with body: {"element":"c163f5ad-fb57-47cc-9221-6e6efe82d1e2"}
[debug] &amp#27;[35m[WD Proxy]&amp#27;[39m Got response with status 200: {"sessionId":"c6b6c49d-b373-4bd9-8432-dfa805fa63a4","value":null}
[debug] &amp#27;[35m[W3C (76d6d3d0)]&amp#27;[39m Responding to client with driver.click() result: null
&amp#27;[35m[HTTP]&amp#27;[39m &amp#27;[37m<-- POST /wd/hub/session/76d6d3d0-2b00-46b6-98d4-a842aedec80e/element/c163f5ad-fb57-47cc-9221-6e6efe82d1e2/click &amp#27;[39m&amp#27;[32m200&amp#27;[39m &amp#27;[90m969 ms - 14&amp#27;[39m
&amp#27;[35m[HTTP]&amp#27;[39m &amp#27;[90m&amp#27;[39m
&amp#27;[35m[HTTP]&amp#27;[39m &amp#27;[37m-->&amp#27;[39m &amp#27;[37mGET&amp#27;[39m &amp#27;[37m/wd/hub/session/76d6d3d0-2b00-46b6-98d4-a842aedec80e/context&amp#27;[39m
&amp#27;[35m[HTTP]&amp#27;[39m &amp#27;[90m{}&amp#27;[39m
[debug] &amp#27;[35m[W3C (76d6d3d0)]&amp#27;[39m Calling AppiumDriver.getCurrentContext() with args: ["76d6d3d0-2b00-46b6-98d4-a842aedec80e"]
[debug] &amp#27;[35m[W3C (76d6d3d0)]&amp#27;[39m Responding to client with driver.getCurrentContext() result: "NATIVE_APP"
&amp#27;[35m[HTTP]&amp#27;[39m &amp#27;[37m<-- GET /wd/hub/session/76d6d3d0-2b00-46b6-98d4-a842aedec80e/context &amp#27;[39m&amp#27;[32m200&amp#27;[39m &amp#27;[90m8 ms - 22&amp#27;[39m
&amp#27;[35m[HTTP]&amp#27;[39m &amp#27;[90m&amp#27;[39m
&amp#27;[35m[HTTP]&amp#27;[39m &amp#27;[37m-->&amp#27;[39m &amp#27;[37mPOST&amp#27;[39m &amp#27;[37m/wd/hub/session/76d6d3d0-2b00-46b6-98d4-a842aedec80e/element&amp#27;[39m
&amp#27;[35m[HTTP]&amp#27;[39m &amp#27;[90m{"using":"id","value":"android:id/edit"}&amp#27;[39m
[debug] &amp#27;[35m[W3C (76d6d3d0)]&amp#27;[39m Calling AppiumDriver.findElement() with args: ["id","android:id/edit","76d6d3d0-2b00-46b6-98d4-a842aedec80e"]
[debug] &amp#27;[35m[BaseDriver]&amp#27;[39m Valid locator strategies for this request: xpath, id, class name, accessibility id, css selector, -android uiautomator
[debug] &amp#27;[35m[BaseDriver]&amp#27;[39m Waiting up to 10000 ms for condition
[debug] &amp#27;[35m[WD Proxy]&amp#27;[39m Matched '/element' to command name 'findElement'
[debug] &amp#27;[35m[WD Proxy]&amp#27;[39m Proxying [POST /element] to [POST http://127.0.0.1:8200/wd/hub/session/c6b6c49d-b373-4bd9-8432-dfa805fa63a4/element] with body: {"strategy":"id","selector":"android:id/edit","context":"","multiple":false}
[debug] &amp#27;[35m[WD Proxy]&amp#27;[39m Got response with status 200: {"sessionId":"c6b6c49d-b373-4bd9-8432-dfa805fa63a4","value":{"ELEMENT":"7513b594-3ac6-410b-b566-b3c78a9c74cd","element-6066-11e4-a52e-4f735466cecf":"7513b594-3ac6-410b-b566-b3c78a9c74cd"}}
[debug] &amp#27;[35m[W3C (76d6d3d0)]&amp#27;[39m Responding to client with driver.findElement() result: {"element-6066-11e4-a52e-4f735466cecf":"7513b594-3ac6-410b-b566-b3c78a9c74cd","ELEMENT":"7513b594-3ac6-410b-b566-b3c78a9c74cd"}
&amp#27;[35m[HTTP]&amp#27;[39m &amp#27;[37m<-- POST /wd/hub/session/76d6d3d0-2b00-46b6-98d4-a842aedec80e/element &amp#27;[39m&amp#27;[32m200&amp#27;[39m &amp#27;[90m88 ms - 137&amp#27;[39m
&amp#27;[35m[HTTP]&amp#27;[39m &amp#27;[90m&amp#27;[39m
&amp#27;[35m[HTTP]&amp#27;[39m &amp#27;[37m-->&amp#27;[39m &amp#27;[37mPOST&amp#27;[39m &amp#27;[37m/wd/hub/session/76d6d3d0-2b00-46b6-98d4-a842aedec80e/element/7513b594-3ac6-410b-b566-b3c78a9c74cd/value&amp#27;[39m
&amp#27;[35m[HTTP]&amp#27;[39m &amp#27;[90m{"id":"7513b594-3ac6-410b-b566-b3c78a9c74cd","text":"hello","value":["h","e","l","l","o"]}&amp#27;[39m
[debug] &amp#27;[35m[W3C (76d6d3d0)]&amp#27;[39m Calling AppiumDriver.setValue() with args: [["h","e","l","l","o"],"7513b594-3ac6-410b-b566-b3c78a9c74cd","76d6d3d0-2b00-46b6-98d4-a842aedec80e"]
[debug] &amp#27;[35m[WD Proxy]&amp#27;[39m Matched '/element/7513b594-3ac6-410b-b566-b3c78a9c74cd/value' to command name 'setValue'
[debug] &amp#27;[35m[Protocol Converter]&amp#27;[39m Added 'value' property ["h","e","l","l","o"] to 'setValue' request body
[debug] &amp#27;[35m[WD Proxy]&amp#27;[39m Proxying [POST /element/7513b594-3ac6-410b-b566-b3c78a9c74cd/value] to [POST http://127.0.0.1:8200/wd/hub/session/c6b6c49d-b373-4bd9-8432-dfa805fa63a4/element/7513b594-3ac6-410b-b566-b3c78a9c74cd/value] with body: {"elementId":"7513b594-3ac6-410b-b566-b3c78a9c74cd","text":"hello","replace":false,"value":["h","e","l","l","o"]}
[debug] &amp#27;[35m[WD Proxy]&amp#27;[39m Got response with status 200: {"sessionId":"c6b6c49d-b373-4bd9-8432-dfa805fa63a4","value":null}
[debug] &amp#27;[35m[W3C (76d6d3d0)]&amp#27;[39m Responding to client with driver.setValue() result: null
&amp#27;[35m[HTTP]&amp#27;[39m &amp#27;[37m<-- POST /wd/hub/session/76d6d3d0-2b00-46b6-98d4-a842aedec80e/element/7513b594-3ac6-410b-b566-b3c78a9c74cd/value &amp#27;[39m&amp#27;[32m200&amp#27;[39m &amp#27;[90m151 ms - 14&amp#27;[39m
&amp#27;[35m[HTTP]&amp#27;[39m &amp#27;[90m&amp#27;[39m
&amp#27;[35m[HTTP]&amp#27;[39m &amp#27;[37m-->&amp#27;[39m &amp#27;[37mGET&amp#27;[39m &amp#27;[37m/wd/hub/session/76d6d3d0-2b00-46b6-98d4-a842aedec80e/context&amp#27;[39m
&amp#27;[35m[HTTP]&amp#27;[39m &amp#27;[90m{}&amp#27;[39m
[debug] &amp#27;[35m[W3C (76d6d3d0)]&amp#27;[39m Calling AppiumDriver.getCurrentContext() with args: ["76d6d3d0-2b00-46b6-98d4-a842aedec80e"]
[debug] &amp#27;[35m[W3C (76d6d3d0)]&amp#27;[39m Responding to client with driver.getCurrentContext() result: "NATIVE_APP"
&amp#27;[35m[HTTP]&amp#27;[39m &amp#27;[37m<-- GET /wd/hub/session/76d6d3d0-2b00-46b6-98d4-a842aedec80e/context &amp#27;[39m&amp#27;[32m200&amp#27;[39m &amp#27;[90m7 ms - 22&amp#27;[39m
&amp#27;[35m[HTTP]&amp#27;[39m &amp#27;[90m&amp#27;[39m
&amp#27;[35m[HTTP]&amp#27;[39m &amp#27;[37m-->&amp#27;[39m &amp#27;[37mPOST&amp#27;[39m &amp#27;[37m/wd/hub/session/76d6d3d0-2b00-46b6-98d4-a842aedec80e/element&amp#27;[39m
&amp#27;[35m[HTTP]&amp#27;[39m &amp#27;[90m{"using":"xpath","value":"//*[@text='OK']"}&amp#27;[39m
[debug] &amp#27;[35m[W3C (76d6d3d0)]&amp#27;[39m Calling AppiumDriver.findElement() with args: ["xpath","//*[@text='OK']","76d6d3d0-2b00-46b6-98d4-a842aedec80e"]
[debug] &amp#27;[35m[BaseDriver]&amp#27;[39m Valid locator strategies for this request: xpath, id, class name, accessibility id, css selector, -android uiautomator
[debug] &amp#27;[35m[BaseDriver]&amp#27;[39m Waiting up to 10000 ms for condition
[debug] &amp#27;[35m[WD Proxy]&amp#27;[39m Matched '/element' to command name 'findElement'
[debug] &amp#27;[35m[WD Proxy]&amp#27;[39m Proxying [POST /element] to [POST http://127.0.0.1:8200/wd/hub/session/c6b6c49d-b373-4bd9-8432-dfa805fa63a4/element] with body: {"strategy":"xpath","selector":"//*[@text='OK']","context":"","multiple":false}
[debug] &amp#27;[35m[WD Proxy]&amp#27;[39m Got response with status 200: {"sessionId":"c6b6c49d-b373-4bd9-8432-dfa805fa63a4","value":{"ELEMENT":"08a9093c-417c-495d-86b9-f931718efcef","element-6066-11e4-a52e-4f735466cecf":"08a9093c-417c-495d-86b9-f931718efcef"}}
[debug] &amp#27;[35m[W3C (76d6d3d0)]&amp#27;[39m Responding to client with driver.findElement() result: {"element-6066-11e4-a52e-4f735466cecf":"08a9093c-417c-495d-86b9-f931718efcef","ELEMENT":"08a9093c-417c-495d-86b9-f931718efcef"}
&amp#27;[35m[HTTP]&amp#27;[39m &amp#27;[37m<-- POST /wd/hub/session/76d6d3d0-2b00-46b6-98d4-a842aedec80e/element &amp#27;[39m&amp#27;[32m200&amp#27;[39m &amp#27;[90m545 ms - 137&amp#27;[39m
&amp#27;[35m[HTTP]&amp#27;[39m &amp#27;[90m&amp#27;[39m
&amp#27;[35m[HTTP]&amp#27;[39m &amp#27;[37m-->&amp#27;[39m &amp#27;[37mPOST&amp#27;[39m &amp#27;[37m/wd/hub/session/76d6d3d0-2b00-46b6-98d4-a842aedec80e/element/08a9093c-417c-495d-86b9-f931718efcef/click&amp#27;[39m
&amp#27;[35m[HTTP]&amp#27;[39m &amp#27;[90m{"id":"08a9093c-417c-495d-86b9-f931718efcef"}&amp#27;[39m
[debug] &amp#27;[35m[W3C (76d6d3d0)]&amp#27;[39m Calling AppiumDriver.click() with args: ["08a9093c-417c-495d-86b9-f931718efcef","76d6d3d0-2b00-46b6-98d4-a842aedec80e"]
[debug] &amp#27;[35m[WD Proxy]&amp#27;[39m Matched '/element/08a9093c-417c-495d-86b9-f931718efcef/click' to command name 'click'
[debug] &amp#27;[35m[WD Proxy]&amp#27;[39m Proxying [POST /element/08a9093c-417c-495d-86b9-f931718efcef/click] to [POST http://127.0.0.1:8200/wd/hub/session/c6b6c49d-b373-4bd9-8432-dfa805fa63a4/element/08a9093c-417c-495d-86b9-f931718efcef/click] with body: {"element":"08a9093c-417c-495d-86b9-f931718efcef"}
[debug] &amp#27;[35m[WD Proxy]&amp#27;[39m Got response with status 200: {"sessionId":"c6b6c49d-b373-4bd9-8432-dfa805fa63a4","value":null}
[debug] &amp#27;[35m[W3C (76d6d3d0)]&amp#27;[39m Responding to client with driver.click() result: null
&amp#27;[35m[HTTP]&amp#27;[39m &amp#27;[37m<-- POST /wd/hub/session/76d6d3d0-2b00-46b6-98d4-a842aedec80e/element/08a9093c-417c-495d-86b9-f931718efcef/click &amp#27;[39m&amp#27;[32m200&amp#27;[39m &amp#27;[90m192 ms - 14&amp#27;[39m
&amp#27;[35m[HTTP]&amp#27;[39m &amp#27;[90m&amp#27;[39m
]]></system-out>
    <system-err><![CDATA[Apr 03, 2021 12:23:14 PM io.appium.java_client.remote.AppiumCommandExecutor$1 lambda$0
INFO: Detected dialect: W3C
]]></system-err>
  </testcase>
  <testcase name="Testtwo[#$$%^^](2)" classname="com.Appium.Test.TCID_002" time="37.657">
    <system-out><![CDATA[&amp#27;[35m[Appium]&amp#27;[39m Welcome to Appium v1.20.2
&amp#27;[35m[Appium]&amp#27;[39m Appium REST http interface listener started on 0.0.0.0:4723
&amp#27;[35m[HTTP]&amp#27;[39m &amp#27;[37m-->&amp#27;[39m &amp#27;[37mGET&amp#27;[39m &amp#27;[37m/wd/hub/status&amp#27;[39m
&amp#27;[35m[HTTP]&amp#27;[39m &amp#27;[90m{}&amp#27;[39m
[debug] &amp#27;[35m[GENERIC]&amp#27;[39m Calling AppiumDriver.getStatus() with args: []
[debug] &amp#27;[35m[GENERIC]&amp#27;[39m Responding to client with driver.getStatus() result: {"build":{"version":"1.20.2"}}
&amp#27;[35m[HTTP]&amp#27;[39m &amp#27;[37m<-- GET /wd/hub/status &amp#27;[39m&amp#27;[32m200&amp#27;[39m &amp#27;[90m17 ms - 68&amp#27;[39m
&amp#27;[35m[HTTP]&amp#27;[39m &amp#27;[90m&amp#27;[39m
[debug] &amp#27;[35m[HTTP]&amp#27;[39m Request idempotency key: 4f20dd08-5aef-4422-89cd-7f9ba1566c37
&amp#27;[35m[HTTP]&amp#27;[39m &amp#27;[37m-->&amp#27;[39m &amp#27;[37mPOST&amp#27;[39m &amp#27;[37m/wd/hub/session&amp#27;[39m
&amp#27;[35m[HTTP]&amp#27;[39m &amp#27;[90m{"desiredCapabilities":{"app":"D:\\Eclipse workspace\\Capgemini Projects\\Appium_Testing\\src\\ApiDemos-debug.apk","platformName":"Android","deviceName":"Galaxy M51"},"capabilities":{"firstMatch":[{"appium:app":"D:\\Eclipse workspace\\Capgemini Projects\\Appium_Testing\\src\\ApiDemos-debug.apk","appium:deviceName":"Galaxy M51","platformName":"android"}]}}&amp#27;[39m
[debug] &amp#27;[35m[W3C]&amp#27;[39m Calling AppiumDriver.createSession() with args: [{"app":"D:\\Eclipse workspace\\Capgemini Projects\\Appium_Testing\\src\\ApiDemos-debug.apk","platformName":"Android","deviceName":"Galaxy M51"},null,{"firstMatch":[{"appium:app":"D:\\Eclipse workspace\\Capgemini Projects\\Appium_Testing\\src\\ApiDemos-debug.apk","appium:deviceName":"Galaxy M51","platformName":"android"}]}]
[debug] &amp#27;[35m[BaseDriver]&amp#27;[39m Event 'newSessionRequested' logged at 1617432808989 (12:23:28 GMT+0530 (India Standard Time))
&amp#27;[35m[Appium]&amp#27;[39m 
&amp#27;[35m[Appium]&amp#27;[39m ======================================================================
&amp#27;[35m[Appium]&amp#27;[39m   DEPRECATION WARNING:
&amp#27;[35m[Appium]&amp#27;[39m 
&amp#27;[35m[Appium]&amp#27;[39m   The 'automationName' capability was not provided in the desired 
&amp#27;[35m[Appium]&amp#27;[39m   capabilities for this Android session
&amp#27;[35m[Appium]&amp#27;[39m 
&amp#27;[35m[Appium]&amp#27;[39m   Setting 'automationName=UiAutomator2' by default and using the 
&amp#27;[35m[Appium]&amp#27;[39m   UiAutomator2 Driver
&amp#27;[35m[Appium]&amp#27;[39m 
&amp#27;[35m[Appium]&amp#27;[39m   The next major version of Appium (2.x) will **require** the 
&amp#27;[35m[Appium]&amp#27;[39m   'automationName' capability to be set for all sessions on all 
&amp#27;[35m[Appium]&amp#27;[39m   platforms
&amp#27;[35m[Appium]&amp#27;[39m 
&amp#27;[35m[Appium]&amp#27;[39m   In previous versions (Appium <= 1.13.x), the default was 
&amp#27;[35m[Appium]&amp#27;[39m   'automationName=UiAutomator1'
&amp#27;[35m[Appium]&amp#27;[39m 
&amp#27;[35m[Appium]&amp#27;[39m   If you wish to use that automation instead of UiAutomator2, please 
&amp#27;[35m[Appium]&amp#27;[39m   add 'automationName=UiAutomator1' to your desired capabilities
&amp#27;[35m[Appium]&amp#27;[39m 
&amp#27;[35m[Appium]&amp#27;[39m   For more information about drivers, please visit 
&amp#27;[35m[Appium]&amp#27;[39m   http://appium.io/docs/en/about-appium/intro/ and explore the 
&amp#27;[35m[Appium]&amp#27;[39m   'Drivers' menu
&amp#27;[35m[Appium]&amp#27;[39m 
&amp#27;[35m[Appium]&amp#27;[39m ======================================================================
&amp#27;[35m[Appium]&amp#27;[39m 
&amp#27;[35m[Appium]&amp#27;[39m Appium v1.20.2 creating new AndroidUiautomator2Driver (v1.61.2) session
[debug] &amp#27;[35m[BaseDriver]&amp#27;[39m W3C capabilities and MJSONWP desired capabilities were provided
[debug] &amp#27;[35m[BaseDriver]&amp#27;[39m Creating session with W3C capabilities: {
[debug] &amp#27;[35m[BaseDriver]&amp#27;[39m   "alwaysMatch": {
[debug] &amp#27;[35m[BaseDriver]&amp#27;[39m     "platformName": "android",
[debug] &amp#27;[35m[BaseDriver]&amp#27;[39m     "appium:app": "D:\\Eclipse workspace\\Capgemini Projects\\Appium_Testing\\src\\ApiDemos-debug.apk",
[debug] &amp#27;[35m[BaseDriver]&amp#27;[39m     "appium:deviceName": "Galaxy M51"
[debug] &amp#27;[35m[BaseDriver]&amp#27;[39m   },
[debug] &amp#27;[35m[BaseDriver]&amp#27;[39m   "firstMatch": [
[debug] &amp#27;[35m[BaseDriver]&amp#27;[39m     {}
[debug] &amp#27;[35m[BaseDriver]&amp#27;[39m   ]
[debug] &amp#27;[35m[BaseDriver]&amp#27;[39m }
&amp#27;[35m[BaseDriver]&amp#27;[39m Session created with session id: c4b8d6f3-7d65-4cfe-a603-66b56a8d492d
&amp#27;[35m[BaseDriver]&amp#27;[39m Using local app 'D:\Eclipse workspace\Capgemini Projects\Appium_Testing\src\ApiDemos-debug.apk'
[debug] &amp#27;[35m[UiAutomator2]&amp#27;[39m Checking whether app is actually present
&amp#27;[35m[ADB]&amp#27;[39m Found 1 'build-tools' folders under 'C:\Users\TAPAS\AppData\Local\Android\Sdk' (newest first):
&amp#27;[35m[ADB]&amp#27;[39m     C:/Users/TAPAS/AppData/Local/Android/Sdk/build-tools/30.0.3
&amp#27;[35m[ADB]&amp#27;[39m Using 'adb.exe' from 'C:\Users\TAPAS\AppData\Local\Android\Sdk\platform-tools\adb.exe'
[debug] &amp#27;[35m[ADB]&amp#27;[39m Running 'C:\Users\TAPAS\AppData\Local\Android\Sdk\platform-tools\adb.exe -P 5037 start-server'
&amp#27;[35m[AndroidDriver]&amp#27;[39m Retrieving device list
[debug] &amp#27;[35m[ADB]&amp#27;[39m Trying to find a connected android device
[debug] &amp#27;[35m[ADB]&amp#27;[39m Getting connected devices
[debug] &amp#27;[35m[ADB]&amp#27;[39m Connected devices: [{"udid":"RZ8N92THVRW","state":"device"}]
&amp#27;[35m[AndroidDriver]&amp#27;[39m Using device: RZ8N92THVRW
&amp#27;[35m[ADB]&amp#27;[39m Using 'adb.exe' from 'C:\Users\TAPAS\AppData\Local\Android\Sdk\platform-tools\adb.exe'
[debug] &amp#27;[35m[ADB]&amp#27;[39m Running 'C:\Users\TAPAS\AppData\Local\Android\Sdk\platform-tools\adb.exe -P 5037 start-server'
[debug] &amp#27;[35m[ADB]&amp#27;[39m Setting device id to RZ8N92THVRW
[debug] &amp#27;[35m[ADB]&amp#27;[39m Running 'C:\Users\TAPAS\AppData\Local\Android\Sdk\platform-tools\adb.exe -P 5037 -s RZ8N92THVRW shell getprop ro.build.version.sdk'
[debug] &amp#27;[35m[ADB]&amp#27;[39m Current device property 'ro.build.version.sdk': 30
&amp#27;[35m[ADB]&amp#27;[39m Getting device platform version
[debug] &amp#27;[35m[ADB]&amp#27;[39m Running 'C:\Users\TAPAS\AppData\Local\Android\Sdk\platform-tools\adb.exe -P 5037 -s RZ8N92THVRW shell getprop ro.build.version.release'
[debug] &amp#27;[35m[ADB]&amp#27;[39m Current device property 'ro.build.version.release': 11
[debug] &amp#27;[35m[ADB]&amp#27;[39m Device API level: 30
&amp#27;[35m[UiAutomator2]&amp#27;[39m Relaxing hidden api policy
[debug] &amp#27;[35m[ADB]&amp#27;[39m Running 'C:\Users\TAPAS\AppData\Local\Android\Sdk\platform-tools\adb.exe -P 5037 -s RZ8N92THVRW shell 'settings put global hidden_api_policy_pre_p_apps 1;settings put global hidden_api_policy_p_apps 1;settings put global hidden_api_policy 1''
[debug] &amp#27;[35m[AndroidDriver]&amp#27;[39m Parsing package and activity from app manifest
&amp#27;[35m[ADB]&amp#27;[39m Package name: 'io.appium.android.apis'
&amp#27;[35m[ADB]&amp#27;[39m Main activity name: 'io.appium.android.apis.ApiDemos'
[debug] &amp#27;[35m[AndroidDriver]&amp#27;[39m Parsed package and activity are: io.appium.android.apis/io.appium.android.apis.ApiDemos
[debug] &amp#27;[35m[ADB]&amp#27;[39m Running 'C:\Users\TAPAS\AppData\Local\Android\Sdk\platform-tools\adb.exe -P 5037 -s RZ8N92THVRW wait-for-device'
[debug] &amp#27;[35m[ADB]&amp#27;[39m Running 'C:\Users\TAPAS\AppData\Local\Android\Sdk\platform-tools\adb.exe -P 5037 -s RZ8N92THVRW shell echo ping'
[debug] &amp#27;[35m[AndroidDriver]&amp#27;[39m Pushing settings apk to device...
[debug] &amp#27;[35m[ADB]&amp#27;[39m Getting install status for io.appium.settings
[debug] &amp#27;[35m[ADB]&amp#27;[39m Running 'C:\Users\TAPAS\AppData\Local\Android\Sdk\platform-tools\adb.exe -P 5037 -s RZ8N92THVRW shell dumpsys package io.appium.settings'
[debug] &amp#27;[35m[ADB]&amp#27;[39m 'io.appium.settings' is installed
[debug] &amp#27;[35m[ADB]&amp#27;[39m Getting package info for 'io.appium.settings'
[debug] &amp#27;[35m[ADB]&amp#27;[39m Running 'C:\Users\TAPAS\AppData\Local\Android\Sdk\platform-tools\adb.exe -P 5037 -s RZ8N92THVRW shell dumpsys package io.appium.settings'
[debug] &amp#27;[35m[ADB]&amp#27;[39m The version name of the installed 'io.appium.settings' is greater or equal to the application version name ('3.2.1' >= '3.2.1')
[debug] &amp#27;[35m[ADB]&amp#27;[39m There is no need to install/upgrade 'C:\Users\TAPAS\AppData\Roaming\npm\node_modules\appium\node_modules\io.appium.settings\apks\settings_apk-debug.apk'
[debug] &amp#27;[35m[ADB]&amp#27;[39m Getting IDs of all 'io.appium.settings' processes
[debug] &amp#27;[35m[ADB]&amp#27;[39m Running 'C:\Users\TAPAS\AppData\Local\Android\Sdk\platform-tools\adb.exe -P 5037 -s RZ8N92THVRW shell 'pgrep --help; echo $?''
[debug] &amp#27;[35m[ADB]&amp#27;[39m Running 'C:\Users\TAPAS\AppData\Local\Android\Sdk\platform-tools\adb.exe -P 5037 -s RZ8N92THVRW shell pgrep -f \(\[\[:blank:\]\]\|\^\)io\.appium\.settings\(\[\[:blank:\]\]\|\$\)'
[debug] &amp#27;[35m[AndroidDriver]&amp#27;[39m io.appium.settings is already running. There is no need to reset its permissions.
[debug] &amp#27;[35m[ADB]&amp#27;[39m Running 'C:\Users\TAPAS\AppData\Local\Android\Sdk\platform-tools\adb.exe -P 5037 -s RZ8N92THVRW shell appops set io.appium.settings android:mock_location allow'
[debug] &amp#27;[35m[Logcat]&amp#27;[39m Starting logs capture with command: C:\\Users\\TAPAS\\AppData\\Local\\Android\\Sdk\\platform-tools\\adb.exe -P 5037 -s RZ8N92THVRW logcat -v threadtime
[debug] &amp#27;[35m[UiAutomator2]&amp#27;[39m Forwarding UiAutomator2 Server port 6790 to local port 8201
[debug] &amp#27;[35m[ADB]&amp#27;[39m Forwarding system: 8201 to device: 6790
[debug] &amp#27;[35m[ADB]&amp#27;[39m Running 'C:\Users\TAPAS\AppData\Local\Android\Sdk\platform-tools\adb.exe -P 5037 -s RZ8N92THVRW forward tcp:8201 tcp:6790'
[debug] &amp#27;[35m[ADB]&amp#27;[39m Getting install status for io.appium.uiautomator2.server
[debug] &amp#27;[35m[ADB]&amp#27;[39m Running 'C:\Users\TAPAS\AppData\Local\Android\Sdk\platform-tools\adb.exe -P 5037 -s RZ8N92THVRW shell dumpsys package io.appium.uiautomator2.server'
[debug] &amp#27;[35m[ADB]&amp#27;[39m 'io.appium.uiautomator2.server' is installed
[debug] &amp#27;[35m[ADB]&amp#27;[39m Getting package info for 'io.appium.uiautomator2.server'
[debug] &amp#27;[35m[ADB]&amp#27;[39m Running 'C:\Users\TAPAS\AppData\Local\Android\Sdk\platform-tools\adb.exe -P 5037 -s RZ8N92THVRW shell dumpsys package io.appium.uiautomator2.server'
[debug] &amp#27;[35m[ADB]&amp#27;[39m The version name of the installed 'io.appium.uiautomator2.server' is greater or equal to the application version name ('4.17.4' >= '4.17.4')
[debug] &amp#27;[35m[UiAutomator2]&amp#27;[39m io.appium.uiautomator2.server installation state: sameVersionInstalled
[debug] &amp#27;[35m[ADB]&amp#27;[39m Checking app cert for C:\Users\TAPAS\AppData\Roaming\npm\node_modules\appium\node_modules\appium-uiautomator2-server\apks\appium-uiautomator2-server-v4.17.4.apk
&amp#27;[35m[ADB]&amp#27;[39m Using 'apksigner.jar' from 'C:\Users\TAPAS\AppData\Local\Android\Sdk\build-tools\30.0.3\lib\apksigner.jar'
[debug] &amp#27;[35m[ADB]&amp#27;[39m Starting apksigner: 'C:\\Program Files\\Java\\jdk1.8.0_281\\bin\\java.exe' -Xmx1024M -Xss1m -jar C:\\Users\\TAPAS\\AppData\\Local\\Android\\Sdk\\build-tools\\30.0.3\\lib\\apksigner.jar verify --print-certs C:\\Users\\TAPAS\\AppData\\Roaming\\npm\\node_modules\\appium\\node_modules\\appium-uiautomator2-server\\apks\\appium-uiautomator2-server-v4.17.4.apk
[debug] &amp#27;[35m[ADB]&amp#27;[39m apksigner stdout: Signer #1 certificate DN: EMAILADDRESS=android@android.com, CN=Android, OU=Android, O=Android, L=Mountain View, ST=California, C=US
[debug] &amp#27;[35m[ADB]&amp#27;[39m Signer #1 certificate SHA-256 digest: a40da80a59d170caa950cf15c18c454d47a39b26989d8b640ecd745ba71bf5dc
[debug] &amp#27;[35m[ADB]&amp#27;[39m Signer #1 certificate SHA-1 digest: 61ed377e85d386a8dfee6b864bd85b0bfaa5af81
[debug] &amp#27;[35m[ADB]&amp#27;[39m Signer #1 certificate MD5 digest: e89b158e4bcf988ebd09eb83f5378e87
[debug] &amp#27;[35m[ADB]&amp#27;[39m 
[debug] &amp#27;[35m[ADB]&amp#27;[39m sha256 hash did match for 'appium-uiautomator2-server-v4.17.4.apk'
&amp#27;[35m[ADB]&amp#27;[39m 'C:\Users\TAPAS\AppData\Roaming\npm\node_modules\appium\node_modules\appium-uiautomator2-server\apks\appium-uiautomator2-server-v4.17.4.apk' is signed with the default certificate
[debug] &amp#27;[35m[ADB]&amp#27;[39m Getting install status for io.appium.uiautomator2.server.test
[debug] &amp#27;[35m[ADB]&amp#27;[39m Running 'C:\Users\TAPAS\AppData\Local\Android\Sdk\platform-tools\adb.exe -P 5037 -s RZ8N92THVRW shell dumpsys package io.appium.uiautomator2.server.test'
[debug] &amp#27;[35m[ADB]&amp#27;[39m 'io.appium.uiautomator2.server.test' is installed
[debug] &amp#27;[35m[ADB]&amp#27;[39m Checking app cert for C:\Users\TAPAS\AppData\Roaming\npm\node_modules\appium\node_modules\appium-uiautomator2-server\apks\appium-uiautomator2-server-debug-androidTest.apk
[debug] &amp#27;[35m[ADB]&amp#27;[39m Starting apksigner: 'C:\\Program Files\\Java\\jdk1.8.0_281\\bin\\java.exe' -Xmx1024M -Xss1m -jar C:\\Users\\TAPAS\\AppData\\Local\\Android\\Sdk\\build-tools\\30.0.3\\lib\\apksigner.jar verify --print-certs C:\\Users\\TAPAS\\AppData\\Roaming\\npm\\node_modules\\appium\\node_modules\\appium-uiautomator2-server\\apks\\appium-uiautomator2-server-debug-androidTest.apk
[debug] &amp#27;[35m[ADB]&amp#27;[39m apksigner stdout: Signer #1 certificate DN: EMAILADDRESS=android@android.com, CN=Android, OU=Android, O=Android, L=Mountain View, ST=California, C=US
[debug] &amp#27;[35m[ADB]&amp#27;[39m Signer #1 certificate SHA-256 digest: a40da80a59d170caa950cf15c18c454d47a39b26989d8b640ecd745ba71bf5dc
[debug] &amp#27;[35m[ADB]&amp#27;[39m Signer #1 certificate SHA-1 digest: 61ed377e85d386a8dfee6b864bd85b0bfaa5af81
[debug] &amp#27;[35m[ADB]&amp#27;[39m Signer #1 certificate MD5 digest: e89b158e4bcf988ebd09eb83f5378e87
[debug] &amp#27;[35m[ADB]&amp#27;[39m 
[debug] &amp#27;[35m[ADB]&amp#27;[39m sha256 hash did match for 'appium-uiautomator2-server-debug-androidTest.apk'
&amp#27;[35m[ADB]&amp#27;[39m 'C:\Users\TAPAS\AppData\Roaming\npm\node_modules\appium\node_modules\appium-uiautomator2-server\apks\appium-uiautomator2-server-debug-androidTest.apk' is signed with the default certificate
&amp#27;[35m[UiAutomator2]&amp#27;[39m Server packages are not going to be (re)installed
[debug] &amp#27;[35m[UiAutomator2]&amp#27;[39m Waiting up to 30000ms for services to be available
[debug] &amp#27;[35m[ADB]&amp#27;[39m Running 'C:\Users\TAPAS\AppData\Local\Android\Sdk\platform-tools\adb.exe -P 5037 -s RZ8N92THVRW shell pm list instrumentation'
[debug] &amp#27;[35m[UiAutomator2]&amp#27;[39m Instrumentation target 'io.appium.uiautomator2.server.test/androidx.test.runner.AndroidJUnitRunner' is available
&amp#27;[35m[ADB]&amp#27;[39m Adding packages ["io.appium.settings","io.appium.uiautomator2.server","io.appium.uiautomator2.server.test"] to Doze whitelist
[debug] &amp#27;[35m[ADB]&amp#27;[39m Got the following command chunks to execute: [["dumpsys","deviceidle","whitelist","+io.appium.settings",";","dumpsys","deviceidle","whitelist","+io.appium.uiautomator2.server",";","dumpsys","deviceidle","whitelist","+io.appium.uiautomator2.server.test",";"]]
[debug] &amp#27;[35m[ADB]&amp#27;[39m Running 'C:\Users\TAPAS\AppData\Local\Android\Sdk\platform-tools\adb.exe -P 5037 -s RZ8N92THVRW shell dumpsys deviceidle whitelist +io.appium.settings ; dumpsys deviceidle whitelist +io.appium.uiautomator2.server ; dumpsys deviceidle whitelist +io.appium.uiautomator2.server.test ;'
[debug] &amp#27;[35m[ADB]&amp#27;[39m Checking app cert for D:\Eclipse workspace\Capgemini Projects\Appium_Testing\src\ApiDemos-debug.apk
[debug] &amp#27;[35m[ADB]&amp#27;[39m Starting apksigner: 'C:\\Program Files\\Java\\jdk1.8.0_281\\bin\\java.exe' -Xmx1024M -Xss1m -jar C:\\Users\\TAPAS\\AppData\\Local\\Android\\Sdk\\build-tools\\30.0.3\\lib\\apksigner.jar verify --print-certs 'D:\\Eclipse workspace\\Capgemini Projects\\Appium_Testing\\src\\ApiDemos-debug.apk'
[debug] &amp#27;[35m[ADB]&amp#27;[39m apksigner stdout: Signer #1 certificate DN: EMAILADDRESS=android@android.com, CN=Android, OU=Android, O=Android, L=Mountain View, ST=California, C=US
[debug] &amp#27;[35m[ADB]&amp#27;[39m Signer #1 certificate SHA-256 digest: a40da80a59d170caa950cf15c18c454d47a39b26989d8b640ecd745ba71bf5dc
[debug] &amp#27;[35m[ADB]&amp#27;[39m Signer #1 certificate SHA-1 digest: 61ed377e85d386a8dfee6b864bd85b0bfaa5af81
[debug] &amp#27;[35m[ADB]&amp#27;[39m Signer #1 certificate MD5 digest: e89b158e4bcf988ebd09eb83f5378e87
[debug] &amp#27;[35m[ADB]&amp#27;[39m 
[debug] &amp#27;[35m[ADB]&amp#27;[39m sha256 hash did match for 'ApiDemos-debug.apk'
&amp#27;[35m[ADB]&amp#27;[39m 'D:\Eclipse workspace\Capgemini Projects\Appium_Testing\src\ApiDemos-debug.apk' is signed with the default certificate
[debug] &amp#27;[35m[ADB]&amp#27;[39m Getting install status for io.appium.android.apis
[debug] &amp#27;[35m[ADB]&amp#27;[39m Running 'C:\Users\TAPAS\AppData\Local\Android\Sdk\platform-tools\adb.exe -P 5037 -s RZ8N92THVRW shell dumpsys package io.appium.android.apis'
[debug] &amp#27;[35m[ADB]&amp#27;[39m 'io.appium.android.apis' is installed
[debug] &amp#27;[35m[ADB]&amp#27;[39m Getting package info for 'io.appium.android.apis'
[debug] &amp#27;[35m[ADB]&amp#27;[39m Running 'C:\Users\TAPAS\AppData\Local\Android\Sdk\platform-tools\adb.exe -P 5037 -s RZ8N92THVRW shell dumpsys package io.appium.android.apis'
[debug] &amp#27;[35m[ADB]&amp#27;[39m The version name of the installed 'io.appium.android.apis' is greater or equal to the application version name ('3.1.0' >= '3.1.0')
[debug] &amp#27;[35m[ADB]&amp#27;[39m There is no need to install/upgrade 'D:\Eclipse workspace\Capgemini Projects\Appium_Testing\src\ApiDemos-debug.apk'
&amp#27;[35m[AndroidDriver]&amp#27;[39m Performing fast reset on 'io.appium.android.apis'
[debug] &amp#27;[35m[ADB]&amp#27;[39m Getting install status for io.appium.android.apis
[debug] &amp#27;[35m[ADB]&amp#27;[39m Running 'C:\Users\TAPAS\AppData\Local\Android\Sdk\platform-tools\adb.exe -P 5037 -s RZ8N92THVRW shell dumpsys package io.appium.android.apis'
[debug] &amp#27;[35m[ADB]&amp#27;[39m 'io.appium.android.apis' is installed
[debug] &amp#27;[35m[ADB]&amp#27;[39m Running 'C:\Users\TAPAS\AppData\Local\Android\Sdk\platform-tools\adb.exe -P 5037 -s RZ8N92THVRW shell am force-stop io.appium.android.apis'
[debug] &amp#27;[35m[ADB]&amp#27;[39m Running 'C:\Users\TAPAS\AppData\Local\Android\Sdk\platform-tools\adb.exe -P 5037 -s RZ8N92THVRW shell pm clear io.appium.android.apis'
[debug] &amp#27;[35m[AndroidDriver]&amp#27;[39m Performed fast reset on the installed 'io.appium.android.apis' application (stop and clear)
[debug] &amp#27;[35m[UiAutomator2]&amp#27;[39m Performing shallow cleanup of automation leftovers
[debug] &amp#27;[35m[UiAutomator2]&amp#27;[39m The following obsolete sessions are still running: [null]
[debug] &amp#27;[35m[UiAutomator2]&amp#27;[39m Cleaning up the obsolete sessions
[debug] &amp#27;[35m[ADB]&amp#27;[39m Running 'C:\Users\TAPAS\AppData\Local\Android\Sdk\platform-tools\adb.exe -P 5037 -s RZ8N92THVRW shell am force-stop io.appium.uiautomator2.server.test'
&amp#27;[35m[UiAutomator2]&amp#27;[39m Starting UIAutomator2 server 4.17.4
&amp#27;[35m[UiAutomator2]&amp#27;[39m Using UIAutomator2 server from 'C:\Users\TAPAS\AppData\Roaming\npm\node_modules\appium\node_modules\appium-uiautomator2-server\apks\appium-uiautomator2-server-v4.17.4.apk' and test from 'C:\Users\TAPAS\AppData\Roaming\npm\node_modules\appium\node_modules\appium-uiautomator2-server\apks\appium-uiautomator2-server-debug-androidTest.apk'
&amp#27;[35m[UiAutomator2]&amp#27;[39m Waiting up to 30000ms for UiAutomator2 to be online...
[debug] &amp#27;[35m[ADB]&amp#27;[39m Creating ADB subprocess with args: ["-P",5037,"-s","RZ8N92THVRW","shell","am","instrument","-w","io.appium.uiautomator2.server.test/androidx.test.runner.AndroidJUnitRunner"]
[debug] &amp#27;[35m[WD Proxy]&amp#27;[39m Matched '/status' to command name 'getStatus'
[debug] &amp#27;[35m[WD Proxy]&amp#27;[39m Proxying [GET /status] to [GET http://127.0.0.1:8201/wd/hub/status] with no body
&amp#27;[35m[WD Proxy]&amp#27;[39m socket hang up
[debug] &amp#27;[35m[Instrumentation]&amp#27;[39m io.appium.uiautomator2.server.test.AppiumUiAutomator2Server:
[debug] &amp#27;[35m[WD Proxy]&amp#27;[39m Matched '/status' to command name 'getStatus'
[debug] &amp#27;[35m[WD Proxy]&amp#27;[39m Proxying [GET /status] to [GET http://127.0.0.1:8201/wd/hub/status] with no body
&amp#27;[35m[WD Proxy]&amp#27;[39m socket hang up
[debug] &amp#27;[35m[WD Proxy]&amp#27;[39m Matched '/status' to command name 'getStatus'
[debug] &amp#27;[35m[WD Proxy]&amp#27;[39m Proxying [GET /status] to [GET http://127.0.0.1:8201/wd/hub/status] with no body
[debug] &amp#27;[35m[WD Proxy]&amp#27;[39m Got response with status 200: {"sessionId":"None","value":{"message":"UiAutomator2 Server is ready to accept commands","ready":true}}
[debug] &amp#27;[35m[UiAutomator2]&amp#27;[39m The initialization of the instrumentation process took 2178ms
[debug] &amp#27;[35m[WD Proxy]&amp#27;[39m Matched '/session' to command name 'createSession'
[debug] &amp#27;[35m[WD Proxy]&amp#27;[39m Proxying [POST /session] to [POST http://127.0.0.1:8201/wd/hub/session] with body: {"capabilities":{"firstMatch":[{"platform":"LINUX","webStorageEnabled":false,"takesScreenshot":true,"javascriptEnabled":true,"databaseEnabled":false,"networkConnectionEnabled":true,"locationContextEnabled":false,"warnings":{},"desired":{"platformName":"android","app":"D:\\Eclipse workspace\\Capgemini Projects\\Appium_Testing\\src\\ApiDemos-debug.apk","deviceName":"Galaxy M51"},"platformName":"android","app":"D:\\Eclipse workspace\\Capgemini Projects\\Appium_Testing\\src\\ApiDemos-debug.apk","deviceName":"RZ8N92THVRW","deviceUDID":"RZ8N92THVRW","appPackage":"io.appium.android.apis"}],"alwaysMatch":{}}}
[debug] &amp#27;[35m[WD Proxy]&amp#27;[39m Got response with status 200: {"sessionId":"81b0c44a-0390-42d2-b7a7-86ee1b1fc655","value":{"capabilities":{"firstMatch":[{"platform":"LINUX","webStorageEnabled":false,"takesScreenshot":true,"javascriptEnabled":true,"databaseEnabled":false,"networkConnectionEnabled":true,"locationContextEnabled":false,"warnings":{},"desired":{"platformName":"android","app":"D:\\Eclipse workspace\\Capgemini Projects\\Appium_Testing\\src\\ApiDemos-debug.apk","deviceName":"Galaxy M51"},"platformName":"android","app":"D:\\Eclipse workspace\\Capgemini Projects\\Appium_Testing\\src\\ApiDemos-debug.apk","deviceName":"RZ8N92THVRW","deviceUDID":"RZ8N92THVRW","appPackage":"io.appium.android.apis"}],"alwaysMatch":{}},"sessionId":"81b0c44a-0390-42d2-b7a7-86ee1b1fc655"}}
&amp#27;[35m[WD Proxy]&amp#27;[39m Determined the downstream protocol as 'W3C'
[debug] &amp#27;[35m[WD Proxy]&amp#27;[39m Proxying [GET /appium/device/info] to [GET http://127.0.0.1:8201/wd/hub/session/81b0c44a-0390-42d2-b7a7-86ee1b1fc655/appium/device/info] with no body
[debug] &amp#27;[35m[WD Proxy]&amp#27;[39m Got response with status 200: {"sessionId":"81b0c44a-0390-42d2-b7a7-86ee1b1fc655","value":{"androidId":"2b98a1cdb642478c","apiVersion":"30","bluetooth":{"state":"OFF"},"brand":"samsung","carrierName":"JIO 4G","displayDensity":450,"locale":"en_GB","manufacturer":"samsung","model":"SM-M515F","networks":[{"capabilities":{"SSID":null,"linkDownBandwidthKbps":30000,"linkUpstreamBandwidthKbps":15000,"networkCapabilities":"NET_CAPABILITY_IMS,NET_CAPABILITY_NOT_METERED,NET_CAPABILITY_TRUSTED,NET_CAPABILITY_NOT_VPN,NET_CAPABILITY_VALIDATED,NET_CAPABILITY_FOREGROUND,NET_CAPABILITY_NOT_CONGESTED,NET_CAPABILITY_NOT_SUSPENDED","signalStrength":-2147483648,"transportTypes":"TRANSPORT_CELLULAR"},"detailedState":"CONNECTED","extraInfo":"IMS","isAvailable":true,"isConnected":true,"isFailover":false,"isRoaming":true,"state":"CONNECTED","subtype":13,"subtypeName":"LTE","type":0,"typeName":"MOBILE"},{"capabilities":{"SSID":null,"linkDownBandwidthKbps":49500,"linkUpstreamBandwidthKbps":16830,"networkCapabilities":"NET_CAPABILITY_NOT_METERED,NET_CAPABILITY_I...
[debug] &amp#27;[35m[ADB]&amp#27;[39m Running 'C:\Users\TAPAS\AppData\Local\Android\Sdk\platform-tools\adb.exe -P 5037 -s RZ8N92THVRW shell dumpsys window'
&amp#27;[35m[AndroidDriver]&amp#27;[39m Screen already unlocked, doing nothing
&amp#27;[35m[UiAutomator2]&amp#27;[39m Starting 'io.appium.android.apis/io.appium.android.apis.ApiDemos and waiting for 'io.appium.android.apis/io.appium.android.apis.ApiDemos'
[debug] &amp#27;[35m[ADB]&amp#27;[39m Running 'C:\Users\TAPAS\AppData\Local\Android\Sdk\platform-tools\adb.exe -P 5037 -s RZ8N92THVRW shell am start -W -n io.appium.android.apis/io.appium.android.apis.ApiDemos -S -a android.intent.action.MAIN -c android.intent.category.LAUNCHER -f 0x10200000'
[debug] &amp#27;[35m[ADB]&amp#27;[39m Waiting up to 20000ms for activity matching pkg: 'io.appium.android.apis' and activity: 'io.appium.android.apis.ApiDemos' to be focused
[debug] &amp#27;[35m[ADB]&amp#27;[39m Possible activities, to be checked: 'io.appium.android.apis.ApiDemos', 'io.appium.android.apis.io.appium.android.apis.ApiDemos'
[debug] &amp#27;[35m[ADB]&amp#27;[39m Getting focused package and activity
[debug] &amp#27;[35m[ADB]&amp#27;[39m Running 'C:\Users\TAPAS\AppData\Local\Android\Sdk\platform-tools\adb.exe -P 5037 -s RZ8N92THVRW shell dumpsys window displays'
[debug] &amp#27;[35m[ADB]&amp#27;[39m Found package: 'io.appium.android.apis' and fully qualified activity name : 'io.appium.android.apis.ApiDemos'
[debug] &amp#27;[35m[WD Proxy]&amp#27;[39m Proxying [GET /appium/device/pixel_ratio] to [GET http://127.0.0.1:8201/wd/hub/session/81b0c44a-0390-42d2-b7a7-86ee1b1fc655/appium/device/pixel_ratio] with no body
[debug] &amp#27;[35m[WD Proxy]&amp#27;[39m Got response with status 200: {"sessionId":"81b0c44a-0390-42d2-b7a7-86ee1b1fc655","value":2.8125}
[debug] &amp#27;[35m[WD Proxy]&amp#27;[39m Matched '/appium/device/system_bars' to command name 'getSystemBars'
[debug] &amp#27;[35m[WD Proxy]&amp#27;[39m Proxying [GET /appium/device/system_bars] to [GET http://127.0.0.1:8201/wd/hub/session/81b0c44a-0390-42d2-b7a7-86ee1b1fc655/appium/device/system_bars] with no body
[debug] &amp#27;[35m[WD Proxy]&amp#27;[39m Got response with status 200: {"sessionId":"81b0c44a-0390-42d2-b7a7-86ee1b1fc655","value":{"statusBar":91}}
[debug] &amp#27;[35m[WD Proxy]&amp#27;[39m Matched '/window/current/size' to command name 'getWindowSize'
[debug] &amp#27;[35m[WD Proxy]&amp#27;[39m Proxying [GET /window/current/size] to [GET http://127.0.0.1:8201/wd/hub/session/81b0c44a-0390-42d2-b7a7-86ee1b1fc655/window/current/size] with no body
[debug] &amp#27;[35m[WD Proxy]&amp#27;[39m Got response with status 200: {"sessionId":"81b0c44a-0390-42d2-b7a7-86ee1b1fc655","value":{"height":2267,"width":1080}}
&amp#27;[35m[Appium]&amp#27;[39m New AndroidUiautomator2Driver session created successfully, session c4b8d6f3-7d65-4cfe-a603-66b56a8d492d added to master session list
[debug] &amp#27;[35m[BaseDriver]&amp#27;[39m Event 'newSessionStarted' logged at 1617432832777 (12:23:52 GMT+0530 (India Standard Time))
[debug] &amp#27;[35m[W3C (c4b8d6f3)]&amp#27;[39m Cached the protocol value 'W3C' for the new session c4b8d6f3-7d65-4cfe-a603-66b56a8d492d
[debug] &amp#27;[35m[W3C (c4b8d6f3)]&amp#27;[39m Responding to client with driver.createSession() result: {"capabilities":{"platform":"LINUX","webStorageEnabled":false,"takesScreenshot":true,"javascriptEnabled":true,"databaseEnabled":false,"networkConnectionEnabled":true,"locationContextEnabled":false,"warnings":{},"desired":{"platformName":"android","app":"D:\\Eclipse workspace\\Capgemini Projects\\Appium_Testing\\src\\ApiDemos-debug.apk","deviceName":"Galaxy M51"},"platformName":"android","app":"D:\\Eclipse workspace\\Capgemini Projects\\Appium_Testing\\src\\ApiDemos-debug.apk","deviceName":"RZ8N92THVRW","deviceUDID":"RZ8N92THVRW","appPackage":"io.appium.android.apis","deviceApiLevel":30,"platformVersion":"11","deviceScreenSize":"2400x1080","deviceScreenDensity":450,"deviceModel":"SM-M515F","deviceManufacturer":"samsung","pixelRatio":2.8125,"statBarHeight":91,"viewportRect":{"left":0,"top":91,"width":1080,"height":2176}}}
&amp#27;[35m[HTTP]&amp#27;[39m &amp#27;[37m<-- POST /wd/hub/session &amp#27;[39m&amp#27;[32m200&amp#27;[39m &amp#27;[90m23887 ms - 892&amp#27;[39m
&amp#27;[35m[HTTP]&amp#27;[39m &amp#27;[90m&amp#27;[39m
&amp#27;[35m[HTTP]&amp#27;[39m &amp#27;[37m-->&amp#27;[39m &amp#27;[37mPOST&amp#27;[39m &amp#27;[37m/wd/hub/session/c4b8d6f3-7d65-4cfe-a603-66b56a8d492d/timeouts&amp#27;[39m
&amp#27;[35m[HTTP]&amp#27;[39m &amp#27;[90m{"implicit":10000}&amp#27;[39m
[debug] &amp#27;[35m[W3C (c4b8d6f3)]&amp#27;[39m Calling AppiumDriver.timeouts() with args: [null,null,null,null,10000,"c4b8d6f3-7d65-4cfe-a603-66b56a8d492d"]
[debug] &amp#27;[35m[BaseDriver]&amp#27;[39m W3C timeout argument: {"implicit":10000}}
[debug] &amp#27;[35m[BaseDriver]&amp#27;[39m Set implicit wait to 10000ms
[debug] &amp#27;[35m[W3C (c4b8d6f3)]&amp#27;[39m Responding to client with driver.timeouts() result: null
&amp#27;[35m[HTTP]&amp#27;[39m &amp#27;[37m<-- POST /wd/hub/session/c4b8d6f3-7d65-4cfe-a603-66b56a8d492d/timeouts &amp#27;[39m&amp#27;[32m200&amp#27;[39m &amp#27;[90m25 ms - 14&amp#27;[39m
&amp#27;[35m[HTTP]&amp#27;[39m &amp#27;[90m&amp#27;[39m
&amp#27;[35m[HTTP]&amp#27;[39m &amp#27;[37m-->&amp#27;[39m &amp#27;[37mGET&amp#27;[39m &amp#27;[37m/wd/hub/session/c4b8d6f3-7d65-4cfe-a603-66b56a8d492d/context&amp#27;[39m
&amp#27;[35m[HTTP]&amp#27;[39m &amp#27;[90m{}&amp#27;[39m
[debug] &amp#27;[35m[W3C (c4b8d6f3)]&amp#27;[39m Calling AppiumDriver.getCurrentContext() with args: ["c4b8d6f3-7d65-4cfe-a603-66b56a8d492d"]
[debug] &amp#27;[35m[W3C (c4b8d6f3)]&amp#27;[39m Responding to client with driver.getCurrentContext() result: "NATIVE_APP"
&amp#27;[35m[HTTP]&amp#27;[39m &amp#27;[37m<-- GET /wd/hub/session/c4b8d6f3-7d65-4cfe-a603-66b56a8d492d/context &amp#27;[39m&amp#27;[32m200&amp#27;[39m &amp#27;[90m21 ms - 22&amp#27;[39m
&amp#27;[35m[HTTP]&amp#27;[39m &amp#27;[90m&amp#27;[39m
&amp#27;[35m[HTTP]&amp#27;[39m &amp#27;[37m-->&amp#27;[39m &amp#27;[37mPOST&amp#27;[39m &amp#27;[37m/wd/hub/session/c4b8d6f3-7d65-4cfe-a603-66b56a8d492d/element&amp#27;[39m
&amp#27;[35m[HTTP]&amp#27;[39m &amp#27;[90m{"using":"xpath","value":"//*[@text='Preference']"}&amp#27;[39m
[debug] &amp#27;[35m[W3C (c4b8d6f3)]&amp#27;[39m Calling AppiumDriver.findElement() with args: ["xpath","//*[@text='Preference']","c4b8d6f3-7d65-4cfe-a603-66b56a8d492d"]
[debug] &amp#27;[35m[BaseDriver]&amp#27;[39m Valid locator strategies for this request: xpath, id, class name, accessibility id, css selector, -android uiautomator
[debug] &amp#27;[35m[BaseDriver]&amp#27;[39m Waiting up to 10000 ms for condition
[debug] &amp#27;[35m[WD Proxy]&amp#27;[39m Matched '/element' to command name 'findElement'
[debug] &amp#27;[35m[WD Proxy]&amp#27;[39m Proxying [POST /element] to [POST http://127.0.0.1:8201/wd/hub/session/81b0c44a-0390-42d2-b7a7-86ee1b1fc655/element] with body: {"strategy":"xpath","selector":"//*[@text='Preference']","context":"","multiple":false}
[debug] &amp#27;[35m[WD Proxy]&amp#27;[39m Got response with status 200: {"sessionId":"81b0c44a-0390-42d2-b7a7-86ee1b1fc655","value":{"ELEMENT":"6d7e5736-2854-4414-a836-876ce5619524","element-6066-11e4-a52e-4f735466cecf":"6d7e5736-2854-4414-a836-876ce5619524"}}
[debug] &amp#27;[35m[W3C (c4b8d6f3)]&amp#27;[39m Responding to client with driver.findElement() result: {"element-6066-11e4-a52e-4f735466cecf":"6d7e5736-2854-4414-a836-876ce5619524","ELEMENT":"6d7e5736-2854-4414-a836-876ce5619524"}
&amp#27;[35m[HTTP]&amp#27;[39m &amp#27;[37m<-- POST /wd/hub/session/c4b8d6f3-7d65-4cfe-a603-66b56a8d492d/element &amp#27;[39m&amp#27;[32m200&amp#27;[39m &amp#27;[90m495 ms - 137&amp#27;[39m
&amp#27;[35m[HTTP]&amp#27;[39m &amp#27;[90m&amp#27;[39m
&amp#27;[35m[HTTP]&amp#27;[39m &amp#27;[37m-->&amp#27;[39m &amp#27;[37mPOST&amp#27;[39m &amp#27;[37m/wd/hub/session/c4b8d6f3-7d65-4cfe-a603-66b56a8d492d/element/6d7e5736-2854-4414-a836-876ce5619524/click&amp#27;[39m
&amp#27;[35m[HTTP]&amp#27;[39m &amp#27;[90m{"id":"6d7e5736-2854-4414-a836-876ce5619524"}&amp#27;[39m
[debug] &amp#27;[35m[W3C (c4b8d6f3)]&amp#27;[39m Calling AppiumDriver.click() with args: ["6d7e5736-2854-4414-a836-876ce5619524","c4b8d6f3-7d65-4cfe-a603-66b56a8d492d"]
[debug] &amp#27;[35m[WD Proxy]&amp#27;[39m Matched '/element/6d7e5736-2854-4414-a836-876ce5619524/click' to command name 'click'
[debug] &amp#27;[35m[WD Proxy]&amp#27;[39m Proxying [POST /element/6d7e5736-2854-4414-a836-876ce5619524/click] to [POST http://127.0.0.1:8201/wd/hub/session/81b0c44a-0390-42d2-b7a7-86ee1b1fc655/element/6d7e5736-2854-4414-a836-876ce5619524/click] with body: {"element":"6d7e5736-2854-4414-a836-876ce5619524"}
[debug] &amp#27;[35m[WD Proxy]&amp#27;[39m Got response with status 200: {"sessionId":"81b0c44a-0390-42d2-b7a7-86ee1b1fc655","value":null}
[debug] &amp#27;[35m[W3C (c4b8d6f3)]&amp#27;[39m Responding to client with driver.click() result: null
&amp#27;[35m[HTTP]&amp#27;[39m &amp#27;[37m<-- POST /wd/hub/session/c4b8d6f3-7d65-4cfe-a603-66b56a8d492d/element/6d7e5736-2854-4414-a836-876ce5619524/click &amp#27;[39m&amp#27;[32m200&amp#27;[39m &amp#27;[90m1107 ms - 14&amp#27;[39m
&amp#27;[35m[HTTP]&amp#27;[39m &amp#27;[90m&amp#27;[39m
&amp#27;[35m[HTTP]&amp#27;[39m &amp#27;[37m-->&amp#27;[39m &amp#27;[37mGET&amp#27;[39m &amp#27;[37m/wd/hub/session/c4b8d6f3-7d65-4cfe-a603-66b56a8d492d/context&amp#27;[39m
&amp#27;[35m[HTTP]&amp#27;[39m &amp#27;[90m{}&amp#27;[39m
[debug] &amp#27;[35m[W3C (c4b8d6f3)]&amp#27;[39m Calling AppiumDriver.getCurrentContext() with args: ["c4b8d6f3-7d65-4cfe-a603-66b56a8d492d"]
[debug] &amp#27;[35m[W3C (c4b8d6f3)]&amp#27;[39m Responding to client with driver.getCurrentContext() result: "NATIVE_APP"
&amp#27;[35m[HTTP]&amp#27;[39m &amp#27;[37m<-- GET /wd/hub/session/c4b8d6f3-7d65-4cfe-a603-66b56a8d492d/context &amp#27;[39m&amp#27;[32m200&amp#27;[39m &amp#27;[90m10 ms - 22&amp#27;[39m
&amp#27;[35m[HTTP]&amp#27;[39m &amp#27;[90m&amp#27;[39m
&amp#27;[35m[HTTP]&amp#27;[39m &amp#27;[37m-->&amp#27;[39m &amp#27;[37mPOST&amp#27;[39m &amp#27;[37m/wd/hub/session/c4b8d6f3-7d65-4cfe-a603-66b56a8d492d/element&amp#27;[39m
&amp#27;[35m[HTTP]&amp#27;[39m &amp#27;[90m{"using":"xpath","value":"//*[@text='3. Preference dependencies']"}&amp#27;[39m
[debug] &amp#27;[35m[W3C (c4b8d6f3)]&amp#27;[39m Calling AppiumDriver.findElement() with args: ["xpath","//*[@text='3. Preference dependencies']","c4b8d6f3-7d65-4cfe-a603-66b56a8d492d"]
[debug] &amp#27;[35m[BaseDriver]&amp#27;[39m Valid locator strategies for this request: xpath, id, class name, accessibility id, css selector, -android uiautomator
[debug] &amp#27;[35m[BaseDriver]&amp#27;[39m Waiting up to 10000 ms for condition
[debug] &amp#27;[35m[WD Proxy]&amp#27;[39m Matched '/element' to command name 'findElement'
[debug] &amp#27;[35m[WD Proxy]&amp#27;[39m Proxying [POST /element] to [POST http://127.0.0.1:8201/wd/hub/session/81b0c44a-0390-42d2-b7a7-86ee1b1fc655/element] with body: {"strategy":"xpath","selector":"//*[@text='3. Preference dependencies']","context":"","multiple":false}
[debug] &amp#27;[35m[WD Proxy]&amp#27;[39m Got response with status 200: {"sessionId":"81b0c44a-0390-42d2-b7a7-86ee1b1fc655","value":{"ELEMENT":"58396549-8853-4d83-8056-2dda8cd1cafd","element-6066-11e4-a52e-4f735466cecf":"58396549-8853-4d83-8056-2dda8cd1cafd"}}
[debug] &amp#27;[35m[W3C (c4b8d6f3)]&amp#27;[39m Responding to client with driver.findElement() result: {"element-6066-11e4-a52e-4f735466cecf":"58396549-8853-4d83-8056-2dda8cd1cafd","ELEMENT":"58396549-8853-4d83-8056-2dda8cd1cafd"}
&amp#27;[35m[HTTP]&amp#27;[39m &amp#27;[37m<-- POST /wd/hub/session/c4b8d6f3-7d65-4cfe-a603-66b56a8d492d/element &amp#27;[39m&amp#27;[32m200&amp#27;[39m &amp#27;[90m122 ms - 137&amp#27;[39m
&amp#27;[35m[HTTP]&amp#27;[39m &amp#27;[90m&amp#27;[39m
&amp#27;[35m[HTTP]&amp#27;[39m &amp#27;[37m-->&amp#27;[39m &amp#27;[37mPOST&amp#27;[39m &amp#27;[37m/wd/hub/session/c4b8d6f3-7d65-4cfe-a603-66b56a8d492d/element/58396549-8853-4d83-8056-2dda8cd1cafd/click&amp#27;[39m
&amp#27;[35m[HTTP]&amp#27;[39m &amp#27;[90m{"id":"58396549-8853-4d83-8056-2dda8cd1cafd"}&amp#27;[39m
[debug] &amp#27;[35m[W3C (c4b8d6f3)]&amp#27;[39m Calling AppiumDriver.click() with args: ["58396549-8853-4d83-8056-2dda8cd1cafd","c4b8d6f3-7d65-4cfe-a603-66b56a8d492d"]
[debug] &amp#27;[35m[WD Proxy]&amp#27;[39m Matched '/element/58396549-8853-4d83-8056-2dda8cd1cafd/click' to command name 'click'
[debug] &amp#27;[35m[WD Proxy]&amp#27;[39m Proxying [POST /element/58396549-8853-4d83-8056-2dda8cd1cafd/click] to [POST http://127.0.0.1:8201/wd/hub/session/81b0c44a-0390-42d2-b7a7-86ee1b1fc655/element/58396549-8853-4d83-8056-2dda8cd1cafd/click] with body: {"element":"58396549-8853-4d83-8056-2dda8cd1cafd"}
[debug] &amp#27;[35m[WD Proxy]&amp#27;[39m Got response with status 200: {"sessionId":"81b0c44a-0390-42d2-b7a7-86ee1b1fc655","value":null}
[debug] &amp#27;[35m[W3C (c4b8d6f3)]&amp#27;[39m Responding to client with driver.click() result: null
&amp#27;[35m[HTTP]&amp#27;[39m &amp#27;[37m<-- POST /wd/hub/session/c4b8d6f3-7d65-4cfe-a603-66b56a8d492d/element/58396549-8853-4d83-8056-2dda8cd1cafd/click &amp#27;[39m&amp#27;[32m200&amp#27;[39m &amp#27;[90m943 ms - 14&amp#27;[39m
&amp#27;[35m[HTTP]&amp#27;[39m &amp#27;[90m&amp#27;[39m
&amp#27;[35m[HTTP]&amp#27;[39m &amp#27;[37m-->&amp#27;[39m &amp#27;[37mGET&amp#27;[39m &amp#27;[37m/wd/hub/session/c4b8d6f3-7d65-4cfe-a603-66b56a8d492d/context&amp#27;[39m
&amp#27;[35m[HTTP]&amp#27;[39m &amp#27;[90m{}&amp#27;[39m
[debug] &amp#27;[35m[W3C (c4b8d6f3)]&amp#27;[39m Calling AppiumDriver.getCurrentContext() with args: ["c4b8d6f3-7d65-4cfe-a603-66b56a8d492d"]
[debug] &amp#27;[35m[W3C (c4b8d6f3)]&amp#27;[39m Responding to client with driver.getCurrentContext() result: "NATIVE_APP"
&amp#27;[35m[HTTP]&amp#27;[39m &amp#27;[37m<-- GET /wd/hub/session/c4b8d6f3-7d65-4cfe-a603-66b56a8d492d/context &amp#27;[39m&amp#27;[32m200&amp#27;[39m &amp#27;[90m8 ms - 22&amp#27;[39m
&amp#27;[35m[HTTP]&amp#27;[39m &amp#27;[90m&amp#27;[39m
&amp#27;[35m[HTTP]&amp#27;[39m &amp#27;[37m-->&amp#27;[39m &amp#27;[37mPOST&amp#27;[39m &amp#27;[37m/wd/hub/session/c4b8d6f3-7d65-4cfe-a603-66b56a8d492d/element&amp#27;[39m
&amp#27;[35m[HTTP]&amp#27;[39m &amp#27;[90m{"using":"id","value":"android:id/checkbox"}&amp#27;[39m
[debug] &amp#27;[35m[W3C (c4b8d6f3)]&amp#27;[39m Calling AppiumDriver.findElement() with args: ["id","android:id/checkbox","c4b8d6f3-7d65-4cfe-a603-66b56a8d492d"]
[debug] &amp#27;[35m[BaseDriver]&amp#27;[39m Valid locator strategies for this request: xpath, id, class name, accessibility id, css selector, -android uiautomator
[debug] &amp#27;[35m[BaseDriver]&amp#27;[39m Waiting up to 10000 ms for condition
[debug] &amp#27;[35m[WD Proxy]&amp#27;[39m Matched '/element' to command name 'findElement'
[debug] &amp#27;[35m[WD Proxy]&amp#27;[39m Proxying [POST /element] to [POST http://127.0.0.1:8201/wd/hub/session/81b0c44a-0390-42d2-b7a7-86ee1b1fc655/element] with body: {"strategy":"id","selector":"android:id/checkbox","context":"","multiple":false}
[debug] &amp#27;[35m[WD Proxy]&amp#27;[39m Got response with status 200: {"sessionId":"81b0c44a-0390-42d2-b7a7-86ee1b1fc655","value":{"ELEMENT":"9c33a21f-a98d-481e-9d89-230d00506743","element-6066-11e4-a52e-4f735466cecf":"9c33a21f-a98d-481e-9d89-230d00506743"}}
[debug] &amp#27;[35m[W3C (c4b8d6f3)]&amp#27;[39m Responding to client with driver.findElement() result: {"element-6066-11e4-a52e-4f735466cecf":"9c33a21f-a98d-481e-9d89-230d00506743","ELEMENT":"9c33a21f-a98d-481e-9d89-230d00506743"}
&amp#27;[35m[HTTP]&amp#27;[39m &amp#27;[37m<-- POST /wd/hub/session/c4b8d6f3-7d65-4cfe-a603-66b56a8d492d/element &amp#27;[39m&amp#27;[32m200&amp#27;[39m &amp#27;[90m125 ms - 137&amp#27;[39m
&amp#27;[35m[HTTP]&amp#27;[39m &amp#27;[90m&amp#27;[39m
&amp#27;[35m[HTTP]&amp#27;[39m &amp#27;[37m-->&amp#27;[39m &amp#27;[37mPOST&amp#27;[39m &amp#27;[37m/wd/hub/session/c4b8d6f3-7d65-4cfe-a603-66b56a8d492d/element/9c33a21f-a98d-481e-9d89-230d00506743/click&amp#27;[39m
&amp#27;[35m[HTTP]&amp#27;[39m &amp#27;[90m{"id":"9c33a21f-a98d-481e-9d89-230d00506743"}&amp#27;[39m
[debug] &amp#27;[35m[W3C (c4b8d6f3)]&amp#27;[39m Calling AppiumDriver.click() with args: ["9c33a21f-a98d-481e-9d89-230d00506743","c4b8d6f3-7d65-4cfe-a603-66b56a8d492d"]
[debug] &amp#27;[35m[WD Proxy]&amp#27;[39m Matched '/element/9c33a21f-a98d-481e-9d89-230d00506743/click' to command name 'click'
[debug] &amp#27;[35m[WD Proxy]&amp#27;[39m Proxying [POST /element/9c33a21f-a98d-481e-9d89-230d00506743/click] to [POST http://127.0.0.1:8201/wd/hub/session/81b0c44a-0390-42d2-b7a7-86ee1b1fc655/element/9c33a21f-a98d-481e-9d89-230d00506743/click] with body: {"element":"9c33a21f-a98d-481e-9d89-230d00506743"}
[debug] &amp#27;[35m[WD Proxy]&amp#27;[39m Got response with status 200: {"sessionId":"81b0c44a-0390-42d2-b7a7-86ee1b1fc655","value":null}
[debug] &amp#27;[35m[W3C (c4b8d6f3)]&amp#27;[39m Responding to client with driver.click() result: null
&amp#27;[35m[HTTP]&amp#27;[39m &amp#27;[37m<-- POST /wd/hub/session/c4b8d6f3-7d65-4cfe-a603-66b56a8d492d/element/9c33a21f-a98d-481e-9d89-230d00506743/click &amp#27;[39m&amp#27;[32m200&amp#27;[39m &amp#27;[90m780 ms - 14&amp#27;[39m
&amp#27;[35m[HTTP]&amp#27;[39m &amp#27;[90m&amp#27;[39m
&amp#27;[35m[HTTP]&amp#27;[39m &amp#27;[37m-->&amp#27;[39m &amp#27;[37mGET&amp#27;[39m &amp#27;[37m/wd/hub/session/c4b8d6f3-7d65-4cfe-a603-66b56a8d492d/context&amp#27;[39m
&amp#27;[35m[HTTP]&amp#27;[39m &amp#27;[90m{}&amp#27;[39m
[debug] &amp#27;[35m[W3C (c4b8d6f3)]&amp#27;[39m Calling AppiumDriver.getCurrentContext() with args: ["c4b8d6f3-7d65-4cfe-a603-66b56a8d492d"]
[debug] &amp#27;[35m[W3C (c4b8d6f3)]&amp#27;[39m Responding to client with driver.getCurrentContext() result: "NATIVE_APP"
&amp#27;[35m[HTTP]&amp#27;[39m &amp#27;[37m<-- GET /wd/hub/session/c4b8d6f3-7d65-4cfe-a603-66b56a8d492d/context &amp#27;[39m&amp#27;[32m200&amp#27;[39m &amp#27;[90m7 ms - 22&amp#27;[39m
&amp#27;[35m[HTTP]&amp#27;[39m &amp#27;[90m&amp#27;[39m
&amp#27;[35m[HTTP]&amp#27;[39m &amp#27;[37m-->&amp#27;[39m &amp#27;[37mPOST&amp#27;[39m &amp#27;[37m/wd/hub/session/c4b8d6f3-7d65-4cfe-a603-66b56a8d492d/element&amp#27;[39m
&amp#27;[35m[HTTP]&amp#27;[39m &amp#27;[90m{"using":"xpath","value":"//*[@text='WiFi settings']"}&amp#27;[39m
[debug] &amp#27;[35m[W3C (c4b8d6f3)]&amp#27;[39m Calling AppiumDriver.findElement() with args: ["xpath","//*[@text='WiFi settings']","c4b8d6f3-7d65-4cfe-a603-66b56a8d492d"]
[debug] &amp#27;[35m[BaseDriver]&amp#27;[39m Valid locator strategies for this request: xpath, id, class name, accessibility id, css selector, -android uiautomator
[debug] &amp#27;[35m[BaseDriver]&amp#27;[39m Waiting up to 10000 ms for condition
[debug] &amp#27;[35m[WD Proxy]&amp#27;[39m Matched '/element' to command name 'findElement'
[debug] &amp#27;[35m[WD Proxy]&amp#27;[39m Proxying [POST /element] to [POST http://127.0.0.1:8201/wd/hub/session/81b0c44a-0390-42d2-b7a7-86ee1b1fc655/element] with body: {"strategy":"xpath","selector":"//*[@text='WiFi settings']","context":"","multiple":false}
[debug] &amp#27;[35m[WD Proxy]&amp#27;[39m Got response with status 200: {"sessionId":"81b0c44a-0390-42d2-b7a7-86ee1b1fc655","value":{"ELEMENT":"45df1b1f-c1fa-457e-83c2-2008c20c882f","element-6066-11e4-a52e-4f735466cecf":"45df1b1f-c1fa-457e-83c2-2008c20c882f"}}
[debug] &amp#27;[35m[W3C (c4b8d6f3)]&amp#27;[39m Responding to client with driver.findElement() result: {"element-6066-11e4-a52e-4f735466cecf":"45df1b1f-c1fa-457e-83c2-2008c20c882f","ELEMENT":"45df1b1f-c1fa-457e-83c2-2008c20c882f"}
&amp#27;[35m[HTTP]&amp#27;[39m &amp#27;[37m<-- POST /wd/hub/session/c4b8d6f3-7d65-4cfe-a603-66b56a8d492d/element &amp#27;[39m&amp#27;[32m200&amp#27;[39m &amp#27;[90m121 ms - 137&amp#27;[39m
&amp#27;[35m[HTTP]&amp#27;[39m &amp#27;[90m&amp#27;[39m
&amp#27;[35m[HTTP]&amp#27;[39m &amp#27;[37m-->&amp#27;[39m &amp#27;[37mPOST&amp#27;[39m &amp#27;[37m/wd/hub/session/c4b8d6f3-7d65-4cfe-a603-66b56a8d492d/element/45df1b1f-c1fa-457e-83c2-2008c20c882f/click&amp#27;[39m
&amp#27;[35m[HTTP]&amp#27;[39m &amp#27;[90m{"id":"45df1b1f-c1fa-457e-83c2-2008c20c882f"}&amp#27;[39m
[debug] &amp#27;[35m[W3C (c4b8d6f3)]&amp#27;[39m Calling AppiumDriver.click() with args: ["45df1b1f-c1fa-457e-83c2-2008c20c882f","c4b8d6f3-7d65-4cfe-a603-66b56a8d492d"]
[debug] &amp#27;[35m[WD Proxy]&amp#27;[39m Matched '/element/45df1b1f-c1fa-457e-83c2-2008c20c882f/click' to command name 'click'
[debug] &amp#27;[35m[WD Proxy]&amp#27;[39m Proxying [POST /element/45df1b1f-c1fa-457e-83c2-2008c20c882f/click] to [POST http://127.0.0.1:8201/wd/hub/session/81b0c44a-0390-42d2-b7a7-86ee1b1fc655/element/45df1b1f-c1fa-457e-83c2-2008c20c882f/click] with body: {"element":"45df1b1f-c1fa-457e-83c2-2008c20c882f"}
[debug] &amp#27;[35m[WD Proxy]&amp#27;[39m Got response with status 200: {"sessionId":"81b0c44a-0390-42d2-b7a7-86ee1b1fc655","value":null}
[debug] &amp#27;[35m[W3C (c4b8d6f3)]&amp#27;[39m Responding to client with driver.click() result: null
&amp#27;[35m[HTTP]&amp#27;[39m &amp#27;[37m<-- POST /wd/hub/session/c4b8d6f3-7d65-4cfe-a603-66b56a8d492d/element/45df1b1f-c1fa-457e-83c2-2008c20c882f/click &amp#27;[39m&amp#27;[32m200&amp#27;[39m &amp#27;[90m1132 ms - 14&amp#27;[39m
&amp#27;[35m[HTTP]&amp#27;[39m &amp#27;[90m&amp#27;[39m
&amp#27;[35m[HTTP]&amp#27;[39m &amp#27;[37m-->&amp#27;[39m &amp#27;[37mGET&amp#27;[39m &amp#27;[37m/wd/hub/session/c4b8d6f3-7d65-4cfe-a603-66b56a8d492d/context&amp#27;[39m
&amp#27;[35m[HTTP]&amp#27;[39m &amp#27;[90m{}&amp#27;[39m
[debug] &amp#27;[35m[W3C (c4b8d6f3)]&amp#27;[39m Calling AppiumDriver.getCurrentContext() with args: ["c4b8d6f3-7d65-4cfe-a603-66b56a8d492d"]
[debug] &amp#27;[35m[W3C (c4b8d6f3)]&amp#27;[39m Responding to client with driver.getCurrentContext() result: "NATIVE_APP"
&amp#27;[35m[HTTP]&amp#27;[39m &amp#27;[37m<-- GET /wd/hub/session/c4b8d6f3-7d65-4cfe-a603-66b56a8d492d/context &amp#27;[39m&amp#27;[32m200&amp#27;[39m &amp#27;[90m9 ms - 22&amp#27;[39m
&amp#27;[35m[HTTP]&amp#27;[39m &amp#27;[90m&amp#27;[39m
&amp#27;[35m[HTTP]&amp#27;[39m &amp#27;[37m-->&amp#27;[39m &amp#27;[37mPOST&amp#27;[39m &amp#27;[37m/wd/hub/session/c4b8d6f3-7d65-4cfe-a603-66b56a8d492d/element&amp#27;[39m
&amp#27;[35m[HTTP]&amp#27;[39m &amp#27;[90m{"using":"id","value":"android:id/edit"}&amp#27;[39m
[debug] &amp#27;[35m[W3C (c4b8d6f3)]&amp#27;[39m Calling AppiumDriver.findElement() with args: ["id","android:id/edit","c4b8d6f3-7d65-4cfe-a603-66b56a8d492d"]
[debug] &amp#27;[35m[BaseDriver]&amp#27;[39m Valid locator strategies for this request: xpath, id, class name, accessibility id, css selector, -android uiautomator
[debug] &amp#27;[35m[BaseDriver]&amp#27;[39m Waiting up to 10000 ms for condition
[debug] &amp#27;[35m[WD Proxy]&amp#27;[39m Matched '/element' to command name 'findElement'
[debug] &amp#27;[35m[WD Proxy]&amp#27;[39m Proxying [POST /element] to [POST http://127.0.0.1:8201/wd/hub/session/81b0c44a-0390-42d2-b7a7-86ee1b1fc655/element] with body: {"strategy":"id","selector":"android:id/edit","context":"","multiple":false}
[debug] &amp#27;[35m[WD Proxy]&amp#27;[39m Got response with status 200: {"sessionId":"81b0c44a-0390-42d2-b7a7-86ee1b1fc655","value":{"ELEMENT":"ca7e90f6-7db0-4a0e-959e-6741e0edbeb5","element-6066-11e4-a52e-4f735466cecf":"ca7e90f6-7db0-4a0e-959e-6741e0edbeb5"}}
[debug] &amp#27;[35m[W3C (c4b8d6f3)]&amp#27;[39m Responding to client with driver.findElement() result: {"element-6066-11e4-a52e-4f735466cecf":"ca7e90f6-7db0-4a0e-959e-6741e0edbeb5","ELEMENT":"ca7e90f6-7db0-4a0e-959e-6741e0edbeb5"}
&amp#27;[35m[HTTP]&amp#27;[39m &amp#27;[37m<-- POST /wd/hub/session/c4b8d6f3-7d65-4cfe-a603-66b56a8d492d/element &amp#27;[39m&amp#27;[32m200&amp#27;[39m &amp#27;[90m61 ms - 137&amp#27;[39m
&amp#27;[35m[HTTP]&amp#27;[39m &amp#27;[90m&amp#27;[39m
&amp#27;[35m[HTTP]&amp#27;[39m &amp#27;[37m-->&amp#27;[39m &amp#27;[37mPOST&amp#27;[39m &amp#27;[37m/wd/hub/session/c4b8d6f3-7d65-4cfe-a603-66b56a8d492d/element/ca7e90f6-7db0-4a0e-959e-6741e0edbeb5/value&amp#27;[39m
&amp#27;[35m[HTTP]&amp#27;[39m &amp#27;[90m{"id":"ca7e90f6-7db0-4a0e-959e-6741e0edbeb5","text":"#$$%^^","value":["#","$","$","%","^","^"]}&amp#27;[39m
[debug] &amp#27;[35m[W3C (c4b8d6f3)]&amp#27;[39m Calling AppiumDriver.setValue() with args: [["#","$","$","%","^","^"],"ca7e90f6-7db0-4a0e-959e-6741e0edbeb5","c4b8d6f3-7d65-4cfe-a603-66b56a8d492d"]
[debug] &amp#27;[35m[WD Proxy]&amp#27;[39m Matched '/element/ca7e90f6-7db0-4a0e-959e-6741e0edbeb5/value' to command name 'setValue'
[debug] &amp#27;[35m[Protocol Converter]&amp#27;[39m Added 'value' property ["#","$","$","%","^","^"] to 'setValue' request body
[debug] &amp#27;[35m[WD Proxy]&amp#27;[39m Proxying [POST /element/ca7e90f6-7db0-4a0e-959e-6741e0edbeb5/value] to [POST http://127.0.0.1:8201/wd/hub/session/81b0c44a-0390-42d2-b7a7-86ee1b1fc655/element/ca7e90f6-7db0-4a0e-959e-6741e0edbeb5/value] with body: {"elementId":"ca7e90f6-7db0-4a0e-959e-6741e0edbeb5","text":"#$$%^^","replace":false,"value":["#","$","$","%","^","^"]}
[debug] &amp#27;[35m[WD Proxy]&amp#27;[39m Got response with status 200: {"sessionId":"81b0c44a-0390-42d2-b7a7-86ee1b1fc655","value":null}
[debug] &amp#27;[35m[W3C (c4b8d6f3)]&amp#27;[39m Responding to client with driver.setValue() result: null
&amp#27;[35m[HTTP]&amp#27;[39m &amp#27;[37m<-- POST /wd/hub/session/c4b8d6f3-7d65-4cfe-a603-66b56a8d492d/element/ca7e90f6-7db0-4a0e-959e-6741e0edbeb5/value &amp#27;[39m&amp#27;[32m200&amp#27;[39m &amp#27;[90m160 ms - 14&amp#27;[39m
&amp#27;[35m[HTTP]&amp#27;[39m &amp#27;[90m&amp#27;[39m
&amp#27;[35m[HTTP]&amp#27;[39m &amp#27;[37m-->&amp#27;[39m &amp#27;[37mGET&amp#27;[39m &amp#27;[37m/wd/hub/session/c4b8d6f3-7d65-4cfe-a603-66b56a8d492d/context&amp#27;[39m
&amp#27;[35m[HTTP]&amp#27;[39m &amp#27;[90m{}&amp#27;[39m
[debug] &amp#27;[35m[W3C (c4b8d6f3)]&amp#27;[39m Calling AppiumDriver.getCurrentContext() with args: ["c4b8d6f3-7d65-4cfe-a603-66b56a8d492d"]
[debug] &amp#27;[35m[W3C (c4b8d6f3)]&amp#27;[39m Responding to client with driver.getCurrentContext() result: "NATIVE_APP"
&amp#27;[35m[HTTP]&amp#27;[39m &amp#27;[37m<-- GET /wd/hub/session/c4b8d6f3-7d65-4cfe-a603-66b56a8d492d/context &amp#27;[39m&amp#27;[32m200&amp#27;[39m &amp#27;[90m7 ms - 22&amp#27;[39m
&amp#27;[35m[HTTP]&amp#27;[39m &amp#27;[90m&amp#27;[39m
&amp#27;[35m[HTTP]&amp#27;[39m &amp#27;[37m-->&amp#27;[39m &amp#27;[37mPOST&amp#27;[39m &amp#27;[37m/wd/hub/session/c4b8d6f3-7d65-4cfe-a603-66b56a8d492d/element&amp#27;[39m
&amp#27;[35m[HTTP]&amp#27;[39m &amp#27;[90m{"using":"xpath","value":"//*[@text='OK']"}&amp#27;[39m
[debug] &amp#27;[35m[W3C (c4b8d6f3)]&amp#27;[39m Calling AppiumDriver.findElement() with args: ["xpath","//*[@text='OK']","c4b8d6f3-7d65-4cfe-a603-66b56a8d492d"]
[debug] &amp#27;[35m[BaseDriver]&amp#27;[39m Valid locator strategies for this request: xpath, id, class name, accessibility id, css selector, -android uiautomator
[debug] &amp#27;[35m[BaseDriver]&amp#27;[39m Waiting up to 10000 ms for condition
[debug] &amp#27;[35m[WD Proxy]&amp#27;[39m Matched '/element' to command name 'findElement'
[debug] &amp#27;[35m[WD Proxy]&amp#27;[39m Proxying [POST /element] to [POST http://127.0.0.1:8201/wd/hub/session/81b0c44a-0390-42d2-b7a7-86ee1b1fc655/element] with body: {"strategy":"xpath","selector":"//*[@text='OK']","context":"","multiple":false}
[debug] &amp#27;[35m[WD Proxy]&amp#27;[39m Got response with status 200: {"sessionId":"81b0c44a-0390-42d2-b7a7-86ee1b1fc655","value":{"ELEMENT":"03575a12-6bf0-4845-ab47-664425e64252","element-6066-11e4-a52e-4f735466cecf":"03575a12-6bf0-4845-ab47-664425e64252"}}
[debug] &amp#27;[35m[W3C (c4b8d6f3)]&amp#27;[39m Responding to client with driver.findElement() result: {"element-6066-11e4-a52e-4f735466cecf":"03575a12-6bf0-4845-ab47-664425e64252","ELEMENT":"03575a12-6bf0-4845-ab47-664425e64252"}
&amp#27;[35m[HTTP]&amp#27;[39m &amp#27;[37m<-- POST /wd/hub/session/c4b8d6f3-7d65-4cfe-a603-66b56a8d492d/element &amp#27;[39m&amp#27;[32m200&amp#27;[39m &amp#27;[90m537 ms - 137&amp#27;[39m
&amp#27;[35m[HTTP]&amp#27;[39m &amp#27;[90m&amp#27;[39m
&amp#27;[35m[HTTP]&amp#27;[39m &amp#27;[37m-->&amp#27;[39m &amp#27;[37mPOST&amp#27;[39m &amp#27;[37m/wd/hub/session/c4b8d6f3-7d65-4cfe-a603-66b56a8d492d/element/03575a12-6bf0-4845-ab47-664425e64252/click&amp#27;[39m
&amp#27;[35m[HTTP]&amp#27;[39m &amp#27;[90m{"id":"03575a12-6bf0-4845-ab47-664425e64252"}&amp#27;[39m
[debug] &amp#27;[35m[W3C (c4b8d6f3)]&amp#27;[39m Calling AppiumDriver.click() with args: ["03575a12-6bf0-4845-ab47-664425e64252","c4b8d6f3-7d65-4cfe-a603-66b56a8d492d"]
[debug] &amp#27;[35m[WD Proxy]&amp#27;[39m Matched '/element/03575a12-6bf0-4845-ab47-664425e64252/click' to command name 'click'
[debug] &amp#27;[35m[WD Proxy]&amp#27;[39m Proxying [POST /element/03575a12-6bf0-4845-ab47-664425e64252/click] to [POST http://127.0.0.1:8201/wd/hub/session/81b0c44a-0390-42d2-b7a7-86ee1b1fc655/element/03575a12-6bf0-4845-ab47-664425e64252/click] with body: {"element":"03575a12-6bf0-4845-ab47-664425e64252"}
[debug] &amp#27;[35m[WD Proxy]&amp#27;[39m Got response with status 200: {"sessionId":"81b0c44a-0390-42d2-b7a7-86ee1b1fc655","value":null}
[debug] &amp#27;[35m[W3C (c4b8d6f3)]&amp#27;[39m Responding to client with driver.click() result: null
&amp#27;[35m[HTTP]&amp#27;[39m &amp#27;[37m<-- POST /wd/hub/session/c4b8d6f3-7d65-4cfe-a603-66b56a8d492d/element/03575a12-6bf0-4845-ab47-664425e64252/click &amp#27;[39m&amp#27;[32m200&amp#27;[39m &amp#27;[90m173 ms - 14&amp#27;[39m
&amp#27;[35m[HTTP]&amp#27;[39m &amp#27;[90m&amp#27;[39m
]]></system-out>
    <system-err><![CDATA[Apr 03, 2021 12:23:52 PM io.appium.java_client.remote.AppiumCommandExecutor$1 lambda$0
INFO: Detected dialect: W3C
]]></system-err>
  </testcase>
</testsuite>