<?xml version="1.0" encoding="UTF-8"?>
<!-- Generated by org.testng.reporters.JUnitReportReporter -->
<testsuite skipped="0" hostname="DESKTOP-SLSNIRO" name="com.Appium.Test.TCID_008_Ecommerce" tests="1" failures="0" timestamp="02 Apr 2021 15:13:42 GMT" time="7.502" errors="0">
  <testcase name="LoginPage" time="7.502" classname="com.Appium.Test.TCID_008_Ecommerce"/>
</testsuite> <!-- com.Appium.Test.TCID_008_Ecommerce -->
