<?xml version="1.0" encoding="UTF-8"?>
<!-- Generated by org.testng.reporters.JUnitReportReporter -->
<testsuite skipped="0" hostname="DESKTOP-SLSNIRO" name="com.Appium.Test.TCID_002" tests="2" failures="0" timestamp="02 Apr 2021 20:32:18 GMT" time="127.726" errors="0">
  <testcase name="Testtwo" time="32.973" classname="com.Appium.Test.TCID_002"/>
  <testcase name="Testtwo" time="94.753" classname="com.Appium.Test.TCID_002"/>
</testsuite> <!-- com.Appium.Test.TCID_002 -->
