<?xml version="1.0" encoding="UTF-8"?>
<!-- Generated by org.testng.reporters.JUnitReportReporter -->
<testsuite skipped="0" hostname="DESKTOP-SLSNIRO" name="com.Appium.Test.TCID_007_MobileBrowser" tests="1" failures="0" timestamp="29 Mar 2021 11:44:04 GMT" time="5.946" errors="0">
  <testcase name="OpenGoogle" time="5.946" classname="com.Appium.Test.TCID_007_MobileBrowser"/>
</testsuite> <!-- com.Appium.Test.TCID_007_MobileBrowser -->
