<?xml version="1.0" encoding="UTF-8"?>
<!-- Generated by org.testng.reporters.JUnitReportReporter -->
<testsuite skipped="0" hostname="DESKTOP-SLSNIRO" name="com.Appium.Test.TCID_006_DragAndDrop" tests="1" failures="0" timestamp="28 Mar 2021 20:43:12 GMT" time="15.557" errors="0">
  <testcase name="DragAndDrop" time="15.557" classname="com.Appium.Test.TCID_006_DragAndDrop"/>
</testsuite> <!-- com.Appium.Test.TCID_006_DragAndDrop -->
