<?xml version="1.0" encoding="UTF-8"?>
<!-- Generated by org.testng.reporters.JUnitReportReporter -->
<testsuite skipped="0" hostname="DESKTOP-SLSNIRO" name="com.Appium.Test.TCID_002" tests="2" failures="0" timestamp="03 Apr 2021 06:53:59 GMT" time="109.221" errors="0">
  <testcase name="Testtwo" time="71.558" classname="com.Appium.Test.TCID_002"/>
  <testcase name="Testtwo" time="37.663" classname="com.Appium.Test.TCID_002"/>
</testsuite> <!-- com.Appium.Test.TCID_002 -->
